2022-03-23 14:20:14 INFO  QueryConstant:25 - query property ====>  call productcheckTotalProduct()
2022-03-23 14:20:14 ERROR BaseDAOImpl:87 - PROCEDURE shop.productcheckTotalProduct does not exist
2022-03-23 14:23:01 INFO  QueryConstant:25 - query property ====>  call productProduct_checkTotalProduct()
2022-03-23 14:23:01 ERROR BaseDAOImpl:87 - PROCEDURE shop.productProduct_checkTotalProduct does not exist
2022-03-23 14:24:49 INFO  QueryConstant:25 - query property ====>  call product_checkTotalProduct()
2022-03-23 14:28:36 INFO  QueryConstant:25 - query property ====>  call product_findAll()
2022-03-23 14:45:00 INFO  QueryConstant:25 - query property ====>  call product_findAll()
2022-03-23 14:45:00 INFO  QueryConstant:25 - query property ====>  call product_checkTotalProduct()
2022-03-23 14:45:01 INFO  QueryConstant:25 - query property ====>  call product_checkTotalProduct()
2022-03-23 15:13:52 INFO  QueryConstant:25 - query property ====>  call product_findById()
2022-03-23 15:13:53 ERROR BaseDAOImpl:52 - Incorrect number of arguments for PROCEDURE shop.product_findById; expected 1, got 0
2022-03-23 15:14:33 INFO  QueryConstant:25 - query property ====>  call product_findById()
2022-03-23 15:14:33 ERROR BaseDAOImpl:52 - Incorrect number of arguments for PROCEDURE shop.product_findById; expected 1, got 0
2022-03-23 15:14:43 INFO  QueryConstant:25 - query property ====>  call product_findById()
2022-03-23 15:14:43 ERROR BaseDAOImpl:52 - Incorrect number of arguments for PROCEDURE shop.product_findById; expected 1, got 0
2022-03-23 17:12:24 INFO  QueryConstant:47 - query property ====>  call category_create(?, ?, ?)
2022-03-23 17:12:24 INFO  BaseDAOImpl:212 - insert =>>> [A, A, This is A]
2022-03-23 17:12:25 INFO  QueryConstant:47 - query property ====>  call category_findById(?)
2022-03-23 17:14:34 INFO  QueryConstant:47 - query property ====>  call category_create(?, ?, ?)
2022-03-23 17:14:34 INFO  BaseDAOImpl:212 - insert =>>> [B, B, This is B]
2022-03-23 17:14:41 INFO  QueryConstant:47 - query property ====>  call category_findById(?)
2022-03-23 17:22:24 INFO  QueryConstant:47 - query property ====>  call category_create(?, ?, ?)
2022-03-23 17:22:24 INFO  BaseDAOImpl:212 - insert =>>> [B, B, This is B]
2022-03-23 17:22:24 ERROR BaseDAOImpl:240 - Catgory 'B' already exists
2022-03-23 17:22:24 ERROR CategoryService:48 - 
2022-03-23 17:22:24 INFO  QueryConstant:47 - query property ====>  call category_findById(?)
2022-03-23 17:26:46 INFO  QueryConstant:47 - query property ====>  call category_findByCode(?)
2022-03-23 17:26:46 ERROR BaseDAOImpl:52 - PROCEDURE shop.category_findByCode does not exist
2022-03-23 17:26:46 ERROR CategoryService:54 - 
2022-03-23 17:26:46 INFO  QueryConstant:47 - query property ====>  call category_findById(?)
2022-03-23 17:28:33 INFO  QueryConstant:47 - query property ====>  call category_findCategoryByCode(?)
2022-03-23 17:28:33 ERROR CategoryService:54 - 
2022-03-23 17:28:33 INFO  QueryConstant:47 - query property ====>  call category_findById(?)
2022-03-23 17:30:07 INFO  QueryConstant:47 - query property ====>  call category_findCategoryByCode(?)
2022-03-23 17:30:47 ERROR CategoryService:54 - 
2022-03-23 17:30:47 INFO  QueryConstant:47 - query property ====>  call category_findById(?)
2022-03-23 17:31:37 INFO  QueryConstant:47 - query property ====>  call category_findCategoryByCode(?)
2022-03-23 17:32:14 ERROR CategoryService:54 - 
2022-03-23 17:32:15 INFO  QueryConstant:47 - query property ====>  call category_findById(?)
2022-03-23 17:32:36 INFO  QueryConstant:47 - query property ====>  call category_findCategoryByCode(?)
2022-03-23 17:32:52 ERROR CategoryService:54 - 
2022-03-23 17:32:52 INFO  QueryConstant:47 - query property ====>  call category_findById(?)
2022-03-23 17:33:48 INFO  QueryConstant:47 - query property ====>  call category_findCategoryByCode(?)
2022-03-23 17:33:48 ERROR CategoryService:54 - 
2022-03-23 17:33:48 INFO  QueryConstant:47 - query property ====>  call category_findById(?)
2022-03-23 17:34:30 INFO  QueryConstant:47 - query property ====>  call category_findCategoryByCode(?)
2022-03-23 17:34:30 INFO  QueryConstant:47 - query property ====>  call category_create(?, ?, ?)
2022-03-23 17:34:30 INFO  BaseDAOImpl:212 - insert =>>> [B, B, This is B]
2022-03-23 17:34:30 ERROR BaseDAOImpl:240 - Catgory 'B' already exists
2022-03-23 17:34:30 ERROR CategoryService:54 - 
2022-03-23 17:34:30 INFO  QueryConstant:47 - query property ====>  call category_findById(?)
2022-03-23 17:35:30 INFO  QueryConstant:47 - query property ====>  call category_findCategoryByCode(?)
2022-03-23 17:35:45 INFO  QueryConstant:47 - query property ====>  call category_create(?, ?, ?)
2022-03-23 17:35:45 INFO  BaseDAOImpl:212 - insert =>>> [B, B, This is B]
2022-03-23 17:35:45 ERROR BaseDAOImpl:240 - Catgory 'B' already exists
2022-03-23 17:35:48 ERROR CategoryService:54 - 
2022-03-23 17:35:49 INFO  QueryConstant:47 - query property ====>  call category_findById(?)
2022-03-23 17:36:09 INFO  QueryConstant:47 - query property ====>  call category_findCategoryByCode(?)
2022-03-23 17:36:11 INFO  QueryConstant:47 - query property ====>  call category_create(?, ?, ?)
2022-03-23 17:36:11 INFO  BaseDAOImpl:212 - insert =>>> [C, C, This is C]
2022-03-23 17:36:11 INFO  QueryConstant:47 - query property ====>  call category_findById(?)
2022-03-23 17:36:34 INFO  QueryConstant:47 - query property ====>  call category_findCategoryByCode(?)
2022-03-23 17:36:48 INFO  QueryConstant:47 - query property ====>  call category_create(?, ?, ?)
2022-03-23 17:36:48 INFO  BaseDAOImpl:212 - insert =>>> [C, C, This is C]
2022-03-23 17:36:48 ERROR BaseDAOImpl:240 - Catgory 'C' already exists
2022-03-23 17:37:24 ERROR CategoryService:54 - 
2022-03-23 17:37:32 INFO  QueryConstant:47 - query property ====>  call category_findById(?)
2022-03-23 17:37:56 INFO  QueryConstant:47 - query property ====>  call category_findCategoryByCode(?)
2022-03-23 17:38:42 INFO  QueryConstant:47 - query property ====>  call category_create(?, ?, ?)
2022-03-23 17:38:42 INFO  BaseDAOImpl:212 - insert =>>> [C, C, This is C]
2022-03-23 17:38:42 ERROR BaseDAOImpl:240 - Catgory 'C' already exists
2022-03-23 17:38:42 ERROR CategoryService:54 - 
2022-03-23 17:38:42 INFO  QueryConstant:47 - query property ====>  call category_findById(?)
2022-03-23 17:39:26 INFO  QueryConstant:47 - query property ====>  call category_findCategoryByCode(?)
2022-03-23 17:39:26 ERROR CategoryService:54 - Category exist
2022-03-23 17:39:26 INFO  QueryConstant:47 - query property ====>  call category_findById(?)
2022-03-23 17:41:52 INFO  QueryConstant:47 - query property ====>  call category_findCategoryByCode(?)
2022-03-23 17:42:33 INFO  QueryConstant:47 - query property ====>  call category_findCategoryByCode(?)
2022-03-23 17:43:01 INFO  QueryConstant:47 - query property ====>  call category_findCategoryByCode(?)
2022-03-23 17:44:57 INFO  QueryConstant:47 - query property ====>  call category_findCategoryByCode(?)
2022-03-23 17:45:11 INFO  QueryConstant:47 - query property ====>  call category_findCategoryByCode(?)
2022-03-23 17:46:16 INFO  QueryConstant:47 - query property ====>  call category_findCategoryByCode(?)
2022-03-23 17:46:26 INFO  QueryConstant:47 - query property ====>  call category_create(?, ?, ?)
2022-03-23 17:46:26 INFO  BaseDAOImpl:212 - insert =>>> [C, C, This is C]
2022-03-23 17:46:26 ERROR BaseDAOImpl:240 - Catgory 'C' already exists
2022-03-23 17:46:26 ERROR CategoryService:49 - 
2022-03-23 17:46:26 INFO  QueryConstant:47 - query property ====>  call category_findById(?)
2022-03-23 17:47:00 INFO  QueryConstant:47 - query property ====>  call category_findCategoryByCode(?)
2022-03-23 17:49:51 INFO  QueryConstant:47 - query property ====>  call category_findCategoryByCode(?)
2022-03-23 17:51:06 INFO  QueryConstant:47 - query property ====>  call category_findCategoryByCode(?)
2022-03-23 17:51:47 INFO  QueryConstant:47 - query property ====>  call category_findCategoryByCode(?)
2022-03-23 17:52:24 INFO  QueryConstant:47 - query property ====>  call category_findCategoryByCode(?)
2022-03-24 00:19:40 INFO  QueryConstant:47 - query property ====>  call brand_findByBrandName(?)
2022-03-24 00:19:40 INFO  QueryConstant:47 - query property ====>  call brand_create(?, ?)
2022-03-24 00:19:40 INFO  BaseDAOImpl:212 - insert =>>> [xxxx, xxx.ss]
2022-03-24 00:19:40 INFO  QueryConstant:47 - query property ====>  call brand_findById(?)
2022-03-24 00:33:25 INFO  QueryConstant:47 - query property ====>  call brand_findByBrandName(?)
2022-03-24 00:33:25 INFO  QueryConstant:47 - query property ====>  call brand_findByBrandName(?)
2022-03-24 00:33:25 INFO  QueryConstant:47 - query property ====>  call brand_create(?, ?)
2022-03-24 00:33:25 INFO  BaseDAOImpl:212 - insert =>>> [xxxx, xxx.ss]
2022-03-24 00:33:26 ERROR BaseDAOImpl:240 - Image 'xxxx' already exists
2022-03-24 00:33:26 ERROR BrandServiceImpl:37 - 
2022-03-24 00:33:26 INFO  QueryConstant:47 - query property ====>  call brand_findById(?)
2022-03-24 00:33:26 INFO  QueryConstant:47 - query property ====>  call brand_findByBrandName(?)
2022-03-24 00:33:26 INFO  QueryConstant:47 - query property ====>  call brand_findByBrandName(?)
2022-03-24 00:33:26 INFO  QueryConstant:47 - query property ====>  call brand_create(?, ?)
2022-03-24 00:33:26 INFO  BaseDAOImpl:212 - insert =>>> [xxxx, xxx.ss]
2022-03-24 00:33:27 ERROR BaseDAOImpl:240 - Image 'xxxx' already exists
2022-03-24 00:33:27 ERROR BrandServiceImpl:37 - 
2022-03-24 00:33:27 INFO  QueryConstant:47 - query property ====>  call brand_findById(?)
2022-03-24 00:35:58 INFO  QueryConstant:47 - query property ====>  call brand_findByBrandName(?)
2022-03-24 00:43:47 INFO  QueryConstant:47 - query property ====>  call brand_findByBrandName(?)
2022-03-24 00:43:53 INFO  QueryConstant:47 - query property ====>  call brand_findByBrandName(?)
2022-03-24 00:43:54 INFO  QueryConstant:47 - query property ====>  call brand_findByBrandName(?)
2022-03-24 00:43:55 INFO  QueryConstant:47 - query property ====>  call brand_findByBrandName(?)
2022-03-24 00:45:35 INFO  QueryConstant:47 - query property ====>  call brand_findByBrandName(?)
2022-03-24 00:45:35 INFO  QueryConstant:47 - query property ====>  call brand_findByBrandName(?)
2022-03-24 00:45:35 INFO  QueryConstant:47 - query property ====>  call brand_create(?, ?)
2022-03-24 00:45:35 INFO  BaseDAOImpl:212 - insert =>>> [xxxxx, xxxxx.ss]
2022-03-24 00:45:35 INFO  QueryConstant:47 - query property ====>  call brand_findById(?)
2022-03-24 00:49:00 INFO  QueryConstant:47 - query property ====>  call brand_findByBrandName(?)
2022-03-24 00:49:00 INFO  QueryConstant:47 - query property ====>  call brand_findByBrandName(?)
2022-03-24 00:49:00 INFO  QueryConstant:47 - query property ====>  call brand_create(?, ?)
2022-03-24 00:49:00 INFO  BaseDAOImpl:212 - insert =>>> [xxxxxx, xxxxxx.ss]
2022-03-24 00:49:00 INFO  QueryConstant:47 - query property ====>  call brand_findById(?)
2022-03-24 00:49:32 INFO  QueryConstant:47 - query property ====>  call brand_findByBrandName(?)
2022-03-24 00:49:32 INFO  QueryConstant:47 - query property ====>  call brand_findByBrandName(?)
2022-03-24 00:49:32 INFO  QueryConstant:47 - query property ====>  call brand_create(?, ?)
2022-03-24 00:49:32 INFO  BaseDAOImpl:212 - insert =>>> [xxxxxx, xxxxxx.ss]
2022-03-24 00:49:32 ERROR BaseDAOImpl:240 - Image 'xxxxxx' already exists
2022-03-24 00:49:32 ERROR BrandServiceImpl:37 - 
2022-03-24 00:49:32 INFO  QueryConstant:47 - query property ====>  call brand_findById(?)
2022-03-24 00:49:45 INFO  QueryConstant:47 - query property ====>  call brand_findByBrandName(?)
2022-03-24 00:49:45 INFO  QueryConstant:47 - query property ====>  call brand_findByBrandName(?)
2022-03-24 00:49:45 INFO  QueryConstant:47 - query property ====>  call brand_create(?, ?)
2022-03-24 00:49:45 INFO  BaseDAOImpl:212 - insert =>>> [xxxxxxx, xxxxxxx.ss]
2022-03-24 00:49:45 INFO  QueryConstant:47 - query property ====>  call brand_findById(?)
2022-03-24 00:50:35 INFO  QueryConstant:47 - query property ====>  call brand_findByBrandName(?)
2022-03-24 00:50:35 INFO  QueryConstant:47 - query property ====>  call brand_findByBrandName(?)
2022-03-24 00:50:35 INFO  QueryConstant:47 - query property ====>  call brand_create(?, ?)
2022-03-24 00:50:35 INFO  BaseDAOImpl:212 - insert =>>> [xxxxxxxx, xxxxxxxx.ss]
2022-03-24 00:50:35 INFO  QueryConstant:47 - query property ====>  call brand_findById(?)
2022-03-24 00:52:04 INFO  QueryConstant:47 - query property ====>  call brand_findByBrandName(?)
2022-03-24 00:52:04 INFO  QueryConstant:47 - query property ====>  call brand_findByBrandName(?)
2022-03-24 00:52:04 INFO  QueryConstant:47 - query property ====>  call brand_create(?, ?)
2022-03-24 00:52:04 INFO  BaseDAOImpl:212 - insert =>>> [xxxxxxxx, xxxxxxxx.ss]
2022-03-24 00:52:04 ERROR BaseDAOImpl:240 - Image 'xxxxxxxx' already exists
2022-03-24 00:52:04 ERROR BrandServiceImpl:37 - 
2022-03-24 00:52:04 INFO  QueryConstant:47 - query property ====>  call brand_findById(?)
2022-03-24 00:52:04 INFO  ManagementBrandController:37 - 
2022-03-24 00:52:29 INFO  QueryConstant:47 - query property ====>  call brand_findByBrandName(?)
2022-03-24 00:52:29 INFO  QueryConstant:47 - query property ====>  call brand_findByBrandName(?)
2022-03-24 00:52:29 INFO  QueryConstant:47 - query property ====>  call brand_create(?, ?)
2022-03-24 00:52:29 INFO  BaseDAOImpl:212 - insert =>>> [xxxxxxxxx, xxxxxxxxx.ss]
2022-03-24 00:52:29 INFO  QueryConstant:47 - query property ====>  call brand_findById(?)
2022-03-24 00:52:29 INFO  ManagementBrandController:37 - 
2022-03-24 00:54:47 INFO  QueryConstant:47 - query property ====>  call brand_findByBrandName(?)
2022-03-24 00:54:47 INFO  QueryConstant:47 - query property ====>  call brand_findByBrandName(?)
2022-03-24 00:54:47 INFO  QueryConstant:47 - query property ====>  call brand_create(?, ?)
2022-03-24 00:54:47 INFO  BaseDAOImpl:212 - insert =>>> [xxxxxxxxxx, xxxxxxxxxx.ss]
2022-03-24 00:54:47 INFO  QueryConstant:47 - query property ====>  call brand_findById(?)
2022-03-24 08:05:25 INFO  QueryConstant:47 - query property ====>  call brand_findByBrandName(?)
2022-03-24 08:05:25 INFO  QueryConstant:47 - query property ====>  call brand_findByBrandName(?)
2022-03-24 08:05:25 INFO  QueryConstant:47 - query property ====>  call brand_create(?, ?)
2022-03-24 08:05:25 INFO  BaseDAOImpl:212 - insert =>>> [xxxxxxxxxxx, xxxxxxxxxxx.ss]
2022-03-24 08:05:26 INFO  QueryConstant:47 - query property ====>  call brand_findById(?)
2022-03-24 08:06:55 INFO  QueryConstant:47 - query property ====>  call brand_findByBrandName(?)
2022-03-24 08:06:59 INFO  QueryConstant:47 - query property ====>  call brand_findByBrandName(?)
2022-03-24 08:06:59 INFO  QueryConstant:47 - query property ====>  call brand_create(?, ?)
2022-03-24 08:06:59 INFO  BaseDAOImpl:212 - insert =>>> [xxxxxxxxxxx, xxxxxxxxxxx.ss]
2022-03-24 08:06:59 ERROR BaseDAOImpl:240 - Image 'xxxxxxxxxxx' already exists
2022-03-24 08:06:59 ERROR BrandServiceImpl:37 - 
2022-03-24 08:06:59 INFO  QueryConstant:47 - query property ====>  call brand_findById(?)
2022-03-24 08:07:17 INFO  QueryConstant:47 - query property ====>  call brand_findByBrandName(?)
2022-03-24 08:07:23 INFO  QueryConstant:47 - query property ====>  call brand_findByBrandName(?)
2022-03-24 08:07:23 INFO  QueryConstant:47 - query property ====>  call brand_create(?, ?)
2022-03-24 08:07:23 INFO  BaseDAOImpl:212 - insert =>>> [xxxxxxxxxxxx, xxxxxxxxxxxx.ss]
2022-03-24 08:07:23 INFO  QueryConstant:47 - query property ====>  call brand_findById(?)
2022-03-24 08:15:11 INFO  QueryConstant:47 - query property ====>  call brand_findByBrandName(?)
2022-03-24 08:15:11 INFO  QueryConstant:47 - query property ====>  call brand_findByBrandName(?)
2022-03-24 08:15:11 INFO  QueryConstant:47 - query property ====>  call brand_create(?, ?)
2022-03-24 08:15:11 INFO  BaseDAOImpl:212 - insert =>>> [xxxxxxxxxxxxx, xxxxxxxxxxxxx.ss]
2022-03-24 08:15:11 INFO  QueryConstant:47 - query property ====>  call brand_findById(?)
2022-03-24 08:15:21 INFO  QueryConstant:47 - query property ====>  call brand_findByBrandName(?)
2022-03-24 08:31:24 INFO  QueryConstant:47 - query property ====>  call category_findCategoryByCode(?)
2022-03-24 08:31:27 INFO  QueryConstant:47 - query property ====>  call category_findCategoryByCode(?)
2022-03-24 08:31:28 INFO  QueryConstant:47 - query property ====>  call category_findCategoryByCode(?)
2022-03-24 08:33:03 INFO  QueryConstant:47 - query property ====>  call category_findCategoryByCode(?)
2022-03-24 08:33:37 INFO  QueryConstant:47 - query property ====>  call category_findCategoryByCode(?)
2022-03-24 08:33:40 INFO  QueryConstant:47 - query property ====>  call category_findCategoryByCode(?)
2022-03-24 08:34:13 INFO  QueryConstant:47 - query property ====>  call category_findCategoryByCode(?)
2022-03-24 08:34:13 INFO  QueryConstant:47 - query property ====>  call category_create(?, ?, ?)
2022-03-24 08:34:13 INFO  BaseDAOImpl:212 - insert =>>> [E, E, This is E]
2022-03-24 08:34:13 INFO  QueryConstant:47 - query property ====>  call category_findById(?)
2022-03-24 08:34:17 INFO  QueryConstant:47 - query property ====>  call category_findCategoryByCode(?)
2022-03-24 17:09:02 INFO  QueryConstant:47 - query property ====>  call product_create(?, ?, ?, ?, ?, ?, ?, ?, ?, ?, ?, ?)
2022-03-24 17:09:02 INFO  BaseDAOImpl:212 - insert =>>> [null, null, null, null, null, null, 0, 0, 0, 0, 0, 0]
2022-03-24 17:09:02 ERROR BaseDAOImpl:240 - Incorrect number of arguments for PROCEDURE shop.product_create; expected 10, got 12
2022-03-24 17:09:02 ERROR ProductServiceImpl:53 - 
2022-03-24 17:09:02 INFO  QueryConstant:25 - query property ====>  call product_findById()
2022-03-24 17:09:02 ERROR BaseDAOImpl:52 - Incorrect number of arguments for PROCEDURE shop.product_findById; expected 1, got 0
2022-03-24 17:15:47 INFO  QueryConstant:47 - query property ====>  call product_create(?, ?, ?, ?, ?, ?, ?, ?, ?, ?, ?, ?)
2022-03-24 17:15:47 INFO  BaseDAOImpl:212 - insert =>>> [null, null, null, null, null, null, 0, 0, 0, 0, 0, 0]
2022-03-24 17:15:48 ERROR BaseDAOImpl:240 - Unknown column 'toal_sold' in 'field list'
2022-03-24 17:15:48 ERROR ProductServiceImpl:53 - 
2022-03-24 17:15:48 INFO  QueryConstant:25 - query property ====>  call product_findById()
2022-03-24 17:15:48 ERROR BaseDAOImpl:52 - Incorrect number of arguments for PROCEDURE shop.product_findById; expected 1, got 0
2022-03-24 17:22:59 INFO  QueryConstant:47 - query property ====>  call product_create(?, ?, ?, ?, ?, ?, ?, ?, ?, ?, ?, ?)
2022-03-24 17:22:59 INFO  BaseDAOImpl:212 - insert =>>> [null, null, null, null, null, null, 0, 0, 0, 0, 0, 0]
2022-03-24 17:22:59 ERROR BaseDAOImpl:240 - Column 'product_name' cannot be null
2022-03-24 17:22:59 ERROR ProductServiceImpl:53 - 
2022-03-24 17:22:59 INFO  QueryConstant:25 - query property ====>  call product_findById()
2022-03-24 17:22:59 ERROR BaseDAOImpl:52 - Incorrect number of arguments for PROCEDURE shop.product_findById; expected 1, got 0
2022-03-24 17:25:28 INFO  QueryConstant:47 - query property ====>  call product_create(?, ?, ?, ?, ?, ?, ?, ?, ?, ?, ?, ?)
2022-03-24 17:25:28 INFO  BaseDAOImpl:212 - insert =>>> [null, null, null, null, null, null, 0, 0, 0, 0, 0, 0]
2022-03-24 17:25:28 ERROR BaseDAOImpl:240 - Column 'product_name' cannot be null
2022-03-24 17:25:29 ERROR ProductServiceImpl:53 - 
2022-03-24 17:25:29 INFO  QueryConstant:25 - query property ====>  call product_findById(?)
2022-03-24 17:29:37 INFO  QueryConstant:47 - query property ====>  call product_create(?, ?, ?, ?, ?, ?, ?, ?, ?, ?, ?, ?)
2022-03-24 17:29:37 INFO  BaseDAOImpl:212 - insert =>>> [banh, Banh, banh, banh, 10000.0, banh.png, 30, 0, 10, 1, 1, 1]
2022-03-24 17:29:37 ERROR BaseDAOImpl:240 - Data truncated for column '_price' at row 1
2022-03-24 17:29:38 ERROR ProductServiceImpl:65 - 
2022-03-24 17:29:38 INFO  QueryConstant:25 - query property ====>  call product_findById(?)
2022-03-24 17:33:26 INFO  QueryConstant:47 - query property ====>  call product_create(?, ?, ?, ?, ?, ?, ?, ?, ?, ?, ?, ?)
2022-03-24 17:33:26 INFO  BaseDAOImpl:212 - insert =>>> [banh, Banh, banh, banh, 10000.0, banh.png, 30, 0, 10, 1, 1, 1]
2022-03-24 17:33:26 ERROR BaseDAOImpl:240 - Incorrect decimal value: 'banh.png' for column '_price' at row 1
2022-03-24 17:33:26 ERROR ProductServiceImpl:65 - 
2022-03-24 17:33:26 INFO  QueryConstant:25 - query property ====>  call product_findById(?)
2022-03-24 17:35:34 INFO  QueryConstant:47 - query property ====>  call product_create(?, ?, ?, ?, ?, ?, ?, ?, ?, ?, ?, ?)
2022-03-24 17:35:34 INFO  BaseDAOImpl:212 - insert =>>> [banh, Banh, banh, banh, 1, 10000.0, banh.png, 30, 0, 10, 1, 1]
2022-03-24 17:35:34 INFO  QueryConstant:47 - query property ====>  call productCategory_create(?, ?)
2022-03-24 17:35:34 INFO  BaseDAOImpl:212 - insert =>>> [1, 1]
2022-03-24 17:35:34 ERROR BaseDAOImpl:240 - Unknown column '_product_id' in 'where clause'
2022-03-24 17:35:34 ERROR ProductServiceImpl:65 - 
2022-03-24 17:35:34 INFO  QueryConstant:25 - query property ====>  call product_findById(?)
2022-03-24 17:38:18 INFO  QueryConstant:47 - query property ====>  call product_create(?, ?, ?, ?, ?, ?, ?, ?, ?, ?, ?, ?)
2022-03-24 17:38:18 INFO  BaseDAOImpl:212 - insert =>>> [banh-mi, Banh Mi, banh mi, banh mi, 1, 10000.0, banh_mi.png, 30, 20, 10, 1, 1]
2022-03-24 17:38:18 INFO  QueryConstant:47 - query property ====>  call productCategory_create(?, ?)
2022-03-24 17:38:18 INFO  BaseDAOImpl:212 - insert =>>> [2, 1]
2022-03-24 17:38:18 INFO  QueryConstant:25 - query property ====>  call product_findById(?)
2022-03-24 17:39:01 INFO  QueryConstant:47 - query property ====>  call product_create(?, ?, ?, ?, ?, ?, ?, ?, ?, ?, ?, ?)
2022-03-24 17:39:01 INFO  BaseDAOImpl:212 - insert =>>> [banh-mi, Banh Mi, banh mi, banh mi, 1, 10000.0, banh_mi.png, 30, 20, 10, 2, 1]
2022-03-24 17:39:01 ERROR BaseDAOImpl:240 - Product 'Banh Mi' already exists
2022-03-24 17:39:01 ERROR ProductServiceImpl:65 - 
2022-03-24 17:39:01 INFO  QueryConstant:25 - query property ====>  call product_findById(?)
2022-03-25 15:58:54 INFO  QueryConstant:47 - query property ====>  call promotion_create(?, ?, ?, ?, ?, ?, ?)
2022-03-25 15:58:54 INFO  BaseDAOImpl:212 - insert =>>> [8-3, CCC, 10, 0, 15, false, false]
2022-03-25 15:58:54 INFO  QueryConstant:47 - query property ====>  call promotion_findById(?)
2022-03-25 17:41:22 INFO  QueryConstant:25 - query property ====>  call product_checkTotalProduct()
2022-03-25 17:41:34 INFO  QueryConstant:25 - query property ====>  call product_checkTotalProduct()
2022-03-25 17:41:36 INFO  QueryConstant:25 - query property ====>  call product_checkTotalProduct()
2022-03-25 17:46:25 INFO  QueryConstant:25 - query property ====>  call product_checkTotalProduct()
2022-03-25 17:46:26 INFO  QueryConstant:25 - query property ====>  call product_checkTotalProduct()
2022-03-25 17:46:26 INFO  QueryConstant:25 - query property ====>  call product_checkTotalProduct()
2022-03-25 17:46:26 INFO  QueryConstant:25 - query property ====>  call product_checkTotalProduct()
2022-03-25 17:46:26 INFO  QueryConstant:25 - query property ====>  call product_checkTotalProduct()
2022-03-25 17:50:56 INFO  QueryConstant:25 - query property ====>  call product_checkTotalProduct()
2022-03-25 19:06:25 INFO  QueryConstant:47 - query property ====>  call promotion_create(?, ?, ?, ?, ?, ?, ?)
2022-03-25 19:06:25 INFO  BaseDAOImpl:212 - insert =>>> [8-3, CCC, 10, 0, 15, false, false]
2022-03-25 19:06:25 ERROR BaseDAOImpl:240 - promotion 'CCC' already exists
2022-03-25 19:06:25 ERROR PromotionServiceImpl:36 - 
2022-03-25 23:44:22 INFO  QueryConstant:25 - query property ====>  call user_findByEmail(?)
2022-03-25 23:44:22 INFO  QueryConstant:25 - query property ====>  call role_findByRoleName(?)
2022-03-25 23:44:22 INFO  QueryConstant:25 - query property ====>  call user_create(?, ?, ?, ?, ?, ?)
2022-03-25 23:44:22 INFO  BaseDAOImpl:212 - insert =>>> [Hoang, Bui Van, dasq1s, hoangbui, $2a$12$ftbAOBojULL55/cJnkUJSuqu3P7XCqrGdg.dGkmVgp/qvf5JR8DQC, buihoangsp@gmail.com]
2022-03-25 23:44:22 INFO  QueryConstant:25 - query property ====>  call user_findById(?)
2022-03-25 23:44:23 INFO  QueryConstant:25 - query property ====>  call user_findById(?)
2022-03-25 23:45:29 INFO  JwtUserDetailsService:21 - email ====== NONE_PROVIDED
2022-03-25 23:45:29 INFO  QueryConstant:25 - query property ====>  call user_findByEmail(?)
2022-03-25 23:46:08 INFO  JwtUserDetailsService:21 - email ====== buihoangsp@gmail.com
2022-03-25 23:46:08 INFO  QueryConstant:25 - query property ====>  call user_findByEmail(?)
2022-03-25 23:46:09 INFO  JwtUserDetailsService:21 - email ====== buihoangsp@gmail.com
2022-03-25 23:46:09 INFO  QueryConstant:25 - query property ====>  call user_findByEmail(?)
2022-03-25 23:46:17 INFO  JwtUserDetailsService:21 - email ====== buihoangsp@gmail.com
2022-03-25 23:46:17 INFO  QueryConstant:25 - query property ====>  call user_findByEmail(?)
2022-03-25 23:46:19 INFO  JwtUserDetailsService:21 - email ====== buihoangsp@gmail.com
2022-03-25 23:46:19 INFO  QueryConstant:25 - query property ====>  call user_findByEmail(?)
2022-03-25 23:46:20 INFO  JwtUserDetailsService:21 - email ====== buihoangsp@gmail.com
2022-03-25 23:46:20 INFO  QueryConstant:25 - query property ====>  call user_findByEmail(?)
2022-03-25 23:46:20 INFO  JwtUserDetailsService:21 - email ====== buihoangsp@gmail.com
2022-03-25 23:46:20 INFO  QueryConstant:25 - query property ====>  call user_findByEmail(?)
2022-03-25 23:46:21 INFO  JwtUserDetailsService:21 - email ====== buihoangsp@gmail.com
2022-03-25 23:46:21 INFO  QueryConstant:25 - query property ====>  call user_findByEmail(?)
2022-03-25 23:46:29 INFO  JwtUserDetailsService:21 - email ====== buihoangsp@gmail.com
2022-03-25 23:46:29 INFO  QueryConstant:25 - query property ====>  call user_findByEmail(?)
2022-03-25 23:47:04 INFO  JwtUserDetailsService:21 - email ====== buihoangsp@gmail.com
2022-03-25 23:47:04 INFO  QueryConstant:25 - query property ====>  call user_findByEmail(?)
2022-03-25 23:47:07 INFO  QueryConstant:25 - query property ====>  call user_findByEmail(?)
2022-03-25 23:47:07 INFO  QueryConstant:25 - query property ====>  call role_findByRoleName(?)
2022-03-25 23:47:08 INFO  QueryConstant:25 - query property ====>  call user_create(?, ?, ?, ?, ?, ?)
2022-03-25 23:47:08 INFO  BaseDAOImpl:212 - insert =>>> [Hoang, Bui Van, dasq1s, hoangbui, $2a$12$PGC7g3fuQVDFetXE7ADefOhRIkdbEzgKBeFUxDtJvpWa2QLctrW4S, buihoangsp@gmail.com]
2022-03-25 23:47:08 ERROR BaseDAOImpl:240 - User name 'buihoangsp@gmail.com' already exists
2022-03-25 23:47:08 INFO  QueryConstant:25 - query property ====>  call user_findById(?)
2022-03-25 23:47:22 INFO  JwtUserDetailsService:21 - email ====== buihoangsp@gmail.com
2022-03-25 23:47:22 INFO  QueryConstant:25 - query property ====>  call user_findByEmail(?)
2022-03-25 23:47:23 INFO  JwtUserDetailsService:21 - email ====== buihoangsp@gmail.com
2022-03-25 23:47:23 INFO  QueryConstant:25 - query property ====>  call user_findByEmail(?)
2022-03-25 23:47:24 INFO  JwtUserDetailsService:21 - email ====== buihoangsp@gmail.com
2022-03-25 23:47:24 INFO  QueryConstant:25 - query property ====>  call user_findByEmail(?)
2022-03-25 23:47:48 INFO  JwtUserDetailsService:21 - email ====== buihoangsp@gmail.com
2022-03-25 23:47:48 INFO  QueryConstant:25 - query property ====>  call user_findByEmail(?)
2022-03-25 23:56:35 INFO  JwtUserDetailsService:21 - email ====== NONE_PROVIDED
2022-03-25 23:56:35 INFO  QueryConstant:25 - query property ====>  call user_findByEmail(?)
2022-03-25 23:57:26 INFO  JwtUserDetailsService:21 - email ====== NONE_PROVIDED
2022-03-25 23:57:26 INFO  QueryConstant:25 - query property ====>  call user_findByEmail(?)
2022-03-25 23:58:05 INFO  JwtUserDetailsService:21 - email ====== buihoangsp@gmail.com
2022-03-25 23:58:05 INFO  QueryConstant:25 - query property ====>  call user_findByEmail(?)
2022-03-25 23:58:08 INFO  JwtUserDetailsService:21 - email ====== buihoangsp@gmail.com
2022-03-25 23:58:08 INFO  QueryConstant:25 - query property ====>  call user_findByEmail(?)
2022-03-25 23:58:21 INFO  JwtUserDetailsService:21 - email ====== buihoangsp@gmail.com
2022-03-25 23:58:21 INFO  QueryConstant:25 - query property ====>  call user_findByEmail(?)
2022-03-25 23:58:49 INFO  QueryConstant:25 - query property ====>  call user_findByEmail(?)
2022-03-25 23:58:49 INFO  QueryConstant:25 - query property ====>  call role_findByRoleName(?)
2022-03-25 23:58:49 INFO  QueryConstant:25 - query property ====>  call user_create(?, ?, ?, ?, ?, ?)
2022-03-25 23:58:49 INFO  BaseDAOImpl:212 - insert =>>> [Hoang, Bui Van, dasq1s, hoangbui, $2a$12$sy5b4jVEOa4RgnVNOdUhpOzRFYiSJ.fx6FmL5bIk2x4P1YjMSZAta, buihoang9b8@gmail.com]
2022-03-25 23:58:49 INFO  QueryConstant:25 - query property ====>  call user_findById(?)
2022-03-25 23:58:49 INFO  QueryConstant:25 - query property ====>  call user_findById(?)
2022-03-25 23:58:56 INFO  JwtUserDetailsService:21 - email ====== buihoang9b8@gmail.com
2022-03-25 23:58:56 INFO  QueryConstant:25 - query property ====>  call user_findByEmail(?)
2022-03-25 23:59:05 INFO  JwtUserDetailsService:21 - email ====== buihoang9b8@gmail.com
2022-03-25 23:59:05 INFO  QueryConstant:25 - query property ====>  call user_findByEmail(?)
2022-03-25 23:59:06 INFO  JwtUserDetailsService:21 - email ====== buihoang9b8@gmail.com
2022-03-25 23:59:06 INFO  QueryConstant:25 - query property ====>  call user_findByEmail(?)
2022-03-25 23:59:06 INFO  JwtUserDetailsService:21 - email ====== buihoang9b8@gmail.com
2022-03-25 23:59:06 INFO  QueryConstant:25 - query property ====>  call user_findByEmail(?)
2022-03-25 23:59:08 INFO  JwtUserDetailsService:21 - email ====== buihoang9b8@gmail.com
2022-03-25 23:59:08 INFO  QueryConstant:25 - query property ====>  call user_findByEmail(?)
2022-03-26 00:01:37 INFO  JwtUserDetailsService:21 - email ====== buihoang9b8@gmail.com
2022-03-26 00:01:37 INFO  QueryConstant:25 - query property ====>  call user_findByEmail(?)
2022-03-26 00:01:55 INFO  JwtUserDetailsService:21 - email ====== buihoang9b8@gmail.com
2022-03-26 00:01:55 INFO  QueryConstant:25 - query property ====>  call user_findByEmail(?)
2022-03-26 00:02:56 INFO  JwtUserDetailsService:21 - email ====== buihoang9b8@gmail.com
2022-03-26 00:02:56 INFO  QueryConstant:25 - query property ====>  call user_findByEmail(?)
2022-03-26 00:04:15 INFO  JwtUserDetailsService:21 - email ====== buihoang9b8@gmail.com
2022-03-26 00:04:15 INFO  QueryConstant:25 - query property ====>  call user_findByEmail(?)
2022-03-26 00:06:33 INFO  JwtUserDetailsService:21 - email ====== buihoang9b8@gmail.com
2022-03-26 00:06:33 INFO  QueryConstant:25 - query property ====>  call user_findByEmail(?)
2022-03-26 00:07:00 INFO  QueryConstant:25 - query property ====>  call user_findByEmail(?)
2022-03-26 00:07:00 INFO  QueryConstant:25 - query property ====>  call role_findByRoleName(?)
2022-03-26 00:07:01 INFO  QueryConstant:25 - query property ====>  call user_create(?, ?, ?, ?, ?, ?)
2022-03-26 00:07:01 INFO  BaseDAOImpl:212 - insert =>>> [Hoang, Bui Van, dasq1s, hoangbui, $2a$12$pTQiTC.3PwTRZSdNndrwKe6juN5JG7yV6/mXNgzcx5zFlUVEUPEYC, buihoang9b8@gmail.com]
2022-03-26 00:07:01 ERROR BaseDAOImpl:240 - User name 'buihoang9b8@gmail.com' already exists
2022-03-26 00:07:01 INFO  QueryConstant:25 - query property ====>  call user_findById(?)
2022-03-26 00:07:29 INFO  QueryConstant:25 - query property ====>  call user_findByEmail(?)
2022-03-26 00:07:29 INFO  QueryConstant:25 - query property ====>  call role_findByRoleName(?)
2022-03-26 00:07:29 INFO  QueryConstant:25 - query property ====>  call user_create(?, ?, ?, ?, ?, ?)
2022-03-26 00:07:29 INFO  BaseDAOImpl:212 - insert =>>> [Hoang, Bui Van, dasq1s, hoangbui, $2a$12$cxryPOLHnUCgdVMEUg3j7eXs1xiGn/XI9mJEC6qe.tz7DK2k7ERyu, buihoang9b8@gmail.com]
2022-03-26 00:07:29 ERROR BaseDAOImpl:240 - User name 'buihoang9b8@gmail.com' already exists
2022-03-26 00:07:29 INFO  QueryConstant:25 - query property ====>  call user_findById(?)
2022-03-26 00:07:31 INFO  JwtUserDetailsService:21 - email ====== buihoang9b8@gmail.com
2022-03-26 00:07:31 INFO  QueryConstant:25 - query property ====>  call user_findByEmail(?)
2022-03-26 00:07:52 INFO  JwtUserDetailsService:21 - email ====== buihoang9b8@gmail.com
2022-03-26 00:07:52 INFO  QueryConstant:25 - query property ====>  call user_findByEmail(?)
2022-03-26 00:08:35 INFO  JwtUserDetailsService:21 - email ====== buihoang9b8@gmail.com
2022-03-26 00:08:35 INFO  QueryConstant:25 - query property ====>  call user_findByEmail(?)
2022-03-26 00:08:36 INFO  JwtUserDetailsService:21 - email ====== buihoang9b8@gmail.com
2022-03-26 00:08:36 INFO  QueryConstant:25 - query property ====>  call user_findByEmail(?)
2022-03-26 00:08:37 INFO  JwtUserDetailsService:21 - email ====== buihoang9b8@gmail.com
2022-03-26 00:08:37 INFO  QueryConstant:25 - query property ====>  call user_findByEmail(?)
2022-03-26 00:08:47 INFO  JwtUserDetailsService:21 - email ====== buihoangsp@gmail.com
2022-03-26 00:08:47 INFO  QueryConstant:25 - query property ====>  call user_findByEmail(?)
2022-03-26 00:09:32 INFO  JwtUserDetailsService:21 - email ====== buihoangsp@gmail.com
2022-03-26 00:09:32 INFO  QueryConstant:25 - query property ====>  call user_findByEmail(?)
2022-03-26 00:10:54 INFO  JwtUserDetailsService:21 - email ====== buihoangsp@gmail.com
2022-03-26 00:10:54 INFO  QueryConstant:25 - query property ====>  call user_findByEmail(?)
2022-03-26 00:14:06 INFO  JwtUserDetailsService:21 - email ====== buihoangsp@gmail.com
2022-03-26 00:14:06 INFO  QueryConstant:25 - query property ====>  call user_findByEmail(?)
2022-03-26 00:15:07 INFO  JwtUserDetailsService:21 - email ====== buihoangsp@gmail.com
2022-03-26 00:15:07 INFO  QueryConstant:25 - query property ====>  call user_findByEmail(?)
2022-03-26 00:18:01 INFO  JwtUserDetailsService:21 - email ====== buihoangsp@gmail.com
2022-03-26 00:18:01 INFO  QueryConstant:25 - query property ====>  call user_findByEmail(?)
2022-03-26 00:30:08 INFO  JwtUserDetailsService:21 - email ====== buihoangsp@gmail.com
2022-03-26 00:30:08 INFO  QueryConstant:25 - query property ====>  call user_findByEmail(?)
2022-03-26 00:30:18 INFO  QueryConstant:25 - query property ====>  call user_findByEmail(?)
2022-03-26 00:30:18 INFO  QueryConstant:25 - query property ====>  call role_findByRoleName(?)
2022-03-26 00:30:31 INFO  QueryConstant:25 - query property ====>  call user_create(?, ?, ?, ?, ?, ?)
2022-03-26 00:30:31 INFO  BaseDAOImpl:212 - insert =>>> [Hoang, Bui Van, dasq1s, hoangbui, $2a$12$c2qoXqjanMQLAWY3qndwhOJQ0Xj9NUuvMbYeLtLFDlclmNh0nCjNe, buihoang9b8@gmail.com]
2022-03-26 00:30:34 INFO  QueryConstant:25 - query property ====>  call user_findById(?)
2022-03-26 00:35:05 INFO  QueryConstant:25 - query property ====>  call user_findById(?)
2022-03-26 00:35:47 INFO  JwtUserDetailsService:21 - email ====== buihoang9b8@gmail.com
2022-03-26 00:35:47 INFO  QueryConstant:25 - query property ====>  call user_findByEmail(?)
2022-03-26 00:36:03 INFO  QueryConstant:25 - query property ====>  call user_findByEmail(?)
2022-03-26 00:36:03 INFO  QueryConstant:25 - query property ====>  call role_findByRoleName(?)
2022-03-26 00:36:20 INFO  QueryConstant:25 - query property ====>  call user_create(?, ?, ?, ?, ?, ?)
2022-03-26 00:36:20 INFO  BaseDAOImpl:212 - insert =>>> [Hoang, Bui Van, dasq1s, hoangbui, $2a$12$r9HIxdoaUKOEfWGsxuZtieA26VuWZSUJwxWTETfYgJrcabKgZICQC, buihoang9b8@gmail.com]
2022-03-26 00:36:20 INFO  QueryConstant:25 - query property ====>  call user_findById(?)
2022-03-26 00:36:20 INFO  QueryConstant:25 - query property ====>  call user_findById(?)
2022-03-26 00:36:41 INFO  JwtUserDetailsService:21 - email ====== buihoang9b8@gmail.com
2022-03-26 00:36:41 INFO  QueryConstant:25 - query property ====>  call user_findByEmail(?)
2022-03-26 00:36:51 INFO  QueryConstant:25 - query property ====>  call user_findByEmail(?)
2022-03-26 00:36:51 INFO  QueryConstant:25 - query property ====>  call role_findByRoleName(?)
2022-03-26 00:37:02 INFO  QueryConstant:25 - query property ====>  call user_create(?, ?, ?, ?, ?, ?)
2022-03-26 00:37:02 INFO  BaseDAOImpl:212 - insert =>>> [Hoang, Bui Van, dasq1s, hoangbui, $2a$12$zVpiQ3Ghl4dJVSJb16oEs.S20saxC1S8Q0V685jKfNvKv1KyXhVV., buihoang9b8@gmail.com]
2022-03-26 00:37:04 INFO  QueryConstant:25 - query property ====>  call user_findById(?)
2022-03-26 00:37:08 INFO  QueryConstant:25 - query property ====>  call userRole_create(?, ?)
2022-03-26 00:37:08 INFO  BaseDAOImpl:212 - insert =>>> [5, null]
2022-03-26 00:37:08 ERROR BaseDAOImpl:240 - Column 'role_id' cannot be null
2022-03-26 00:37:57 INFO  QueryConstant:25 - query property ====>  call user_findById(?)
2022-03-26 00:38:11 INFO  JwtUserDetailsService:21 - email ====== buihoang9b8@gmail.com
2022-03-26 00:38:11 INFO  QueryConstant:25 - query property ====>  call user_findByEmail(?)
2022-03-26 00:38:28 INFO  JwtUserDetailsService:21 - email ====== buihoang9b8@gmail.com
2022-03-26 00:38:28 INFO  QueryConstant:25 - query property ====>  call user_findByEmail(?)
2022-03-26 00:41:37 INFO  QueryConstant:25 - query property ====>  call user_findByEmail(?)
2022-03-26 00:41:37 INFO  QueryConstant:25 - query property ====>  call role_findByRoleName(?)
2022-03-26 00:41:38 INFO  QueryConstant:25 - query property ====>  call user_create(?, ?, ?, ?, ?, ?)
2022-03-26 00:41:38 INFO  BaseDAOImpl:212 - insert =>>> [Hoang, Bui Van, dasq1s, hoangbui, $2a$12$k7lolT54d4P.F4ueskKjUekJmOvn.QiuNZsnzJlAgidOCpACEL4F2, buihoang9b8@gmail.com]
2022-03-26 00:41:38 INFO  QueryConstant:25 - query property ====>  call user_findById(?)
2022-03-26 00:41:38 INFO  QueryConstant:25 - query property ====>  call userRole_create(?, ?)
2022-03-26 00:41:38 INFO  BaseDAOImpl:212 - insert =>>> [6, null]
2022-03-26 00:41:38 ERROR BaseDAOImpl:240 - Column 'role_id' cannot be null
2022-03-26 00:41:38 INFO  QueryConstant:25 - query property ====>  call user_findById(?)
2022-03-26 00:42:44 INFO  QueryConstant:25 - query property ====>  call user_findByEmail(?)
2022-03-26 00:42:45 INFO  QueryConstant:25 - query property ====>  call role_findByRoleName(?)
2022-03-26 00:42:57 INFO  QueryConstant:25 - query property ====>  call user_create(?, ?, ?, ?, ?, ?)
2022-03-26 00:42:57 INFO  BaseDAOImpl:212 - insert =>>> [Hoang, Bui Van, dasq1s, hoangbui, $2a$12$3a7ulF49P0/sWZOHdeR0COnsKbxNkroY74zbPq6n8q/j1OjpqMXRK, buihoang9b8@gmail.com]
2022-03-26 00:42:59 INFO  QueryConstant:25 - query property ====>  call user_findById(?)
2022-03-26 00:43:27 INFO  QueryConstant:25 - query property ====>  call userRole_create(?, ?)
2022-03-26 00:43:27 INFO  BaseDAOImpl:212 - insert =>>> [7, null]
2022-03-26 00:43:27 ERROR BaseDAOImpl:240 - Column 'role_id' cannot be null
2022-03-26 00:46:09 INFO  QueryConstant:25 - query property ====>  call user_findById(?)
2022-03-26 00:46:44 INFO  QueryConstant:25 - query property ====>  call user_findByEmail(?)
2022-03-26 00:46:45 INFO  QueryConstant:25 - query property ====>  call role_findByRoleName(?)
2022-03-26 00:46:58 INFO  QueryConstant:25 - query property ====>  call user_create(?, ?, ?, ?, ?, ?)
2022-03-26 00:46:58 INFO  BaseDAOImpl:212 - insert =>>> [Hoang, Bui Van, dasq1s, hoangbui, $2a$12$a8eauhRqrY2.Ze0jtqGg0.4DTaL80O1RTQ5ZkXLOQ2/8kDUKE3UaO, buihoang9b8@gmail.com]
2022-03-26 00:46:59 INFO  QueryConstant:25 - query property ====>  call user_findById(?)
2022-03-26 00:47:04 INFO  QueryConstant:25 - query property ====>  call userRole_create(?, ?)
2022-03-26 00:47:04 INFO  BaseDAOImpl:212 - insert =>>> [8, 3]
2022-03-26 00:47:07 INFO  QueryConstant:25 - query property ====>  call user_findById(?)
2022-03-26 00:47:36 INFO  JwtUserDetailsService:21 - email ====== buihoang9b8@gmail.com
2022-03-26 00:47:36 INFO  QueryConstant:25 - query property ====>  call user_findByEmail(?)
2022-03-26 00:47:38 INFO  JwtUserDetailsService:21 - email ====== buihoang9b8@gmail.com
2022-03-26 00:47:38 INFO  QueryConstant:25 - query property ====>  call user_findByEmail(?)
2022-03-26 00:48:09 INFO  JwtUserDetailsService:21 - email ====== buihoang9b8@gmail.com
2022-03-26 00:48:09 INFO  QueryConstant:25 - query property ====>  call user_findByEmail(?)
2022-03-26 00:49:26 INFO  JwtUserDetailsService:21 - email ====== buihoang9b8@gmail.com
2022-03-26 00:49:26 INFO  QueryConstant:25 - query property ====>  call user_findByEmail(?)
2022-03-26 00:57:19 INFO  JwtUserDetailsService:21 - email ====== buihoang9b8@gmail.com
2022-03-26 00:57:19 INFO  QueryConstant:25 - query property ====>  call user_findByEmail(?)
2022-03-26 01:07:46 INFO  JwtUserDetailsService:21 - email ====== buihoang9b8@gmail.com
2022-03-26 01:07:46 INFO  QueryConstant:25 - query property ====>  call user_findByEmail(?)
2022-03-26 01:08:22 INFO  JwtUserDetailsService:21 - email ====== buihoang9b8@gmail.com
2022-03-26 01:08:22 INFO  QueryConstant:25 - query property ====>  call user_findByEmail(?)
2022-03-26 01:09:17 INFO  JwtUserDetailsService:21 - email ====== buihoang9b8@gmail.com
2022-03-26 01:09:17 INFO  QueryConstant:25 - query property ====>  call user_findByEmail(?)
2022-03-26 01:09:20 INFO  JwtUserDetailsService:21 - email ====== buihoang9b8@gmail.com
2022-03-26 01:09:20 INFO  QueryConstant:25 - query property ====>  call user_findByEmail(?)
2022-03-26 01:09:21 INFO  JwtUserDetailsService:21 - email ====== buihoang9b8@gmail.com
2022-03-26 01:09:21 INFO  QueryConstant:25 - query property ====>  call user_findByEmail(?)
2022-03-26 01:10:22 INFO  JwtUserDetailsService:21 - email ====== buihoang9b8@gmail.com
2022-03-26 01:10:22 INFO  QueryConstant:25 - query property ====>  call user_findByEmail(?)
2022-03-26 01:11:02 INFO  JwtUserDetailsService:21 - email ====== buihoang9b8@gmail.com
2022-03-26 01:11:02 INFO  QueryConstant:25 - query property ====>  call user_findByEmail(?)
2022-03-26 01:11:44 INFO  JwtUserDetailsService:21 - email ====== buihoang9b8@gmail.com
2022-03-26 01:11:44 INFO  QueryConstant:25 - query property ====>  call user_findByEmail(?)
2022-03-26 01:18:48 INFO  JwtUserDetailsService:21 - email ====== buihoang9b8@gmail.com
2022-03-26 01:18:48 INFO  QueryConstant:25 - query property ====>  call user_findByEmail(?)
2022-03-29 13:01:43 INFO  JwtUserDetailsService:21 - email ====== buihoang9b8@gmail.com
2022-03-29 13:01:44 INFO  QueryConstant:25 - query property ====>  call user_findByEmail(?)
2022-03-29 13:04:54 INFO  JwtUserDetailsService:21 - email ====== buihoang9b8@gmail.com
2022-03-29 13:04:54 INFO  QueryConstant:25 - query property ====>  call user_findByEmail(?)
2022-03-29 13:04:54 INFO  QueryConstant:47 - query property ====>  call productSize_findBySize(?)
2022-03-29 13:04:54 ERROR ProductSizeServiceImpl:53 - exist
2022-03-29 13:05:10 INFO  JwtUserDetailsService:21 - email ====== buihoang9b8@gmail.com
2022-03-29 13:05:10 INFO  QueryConstant:25 - query property ====>  call user_findByEmail(?)
2022-03-29 13:05:10 INFO  QueryConstant:47 - query property ====>  call productSize_findBySize(?)
2022-03-29 13:05:10 INFO  QueryConstant:47 - query property ====>  call productSize_create(?, ?)
2022-03-29 13:05:10 INFO  BaseDAOImpl:212 - insert =>>> [2, S]
2022-03-29 13:05:10 INFO  QueryConstant:47 - query property ====>  call productSize_findById(?)
2022-03-29 14:27:56 INFO  JwtUserDetailsService:21 - email ====== buihoang9b8@gmail.com
2022-03-29 14:27:56 INFO  QueryConstant:25 - query property ====>  call user_findByEmail(?)
2022-03-29 14:27:57 INFO  QueryConstant:47 - query property ====>  call productSize_findBySize(?)
2022-03-29 14:27:57 ERROR ProductSizeServiceImpl:112 - 
2022-03-29 15:32:34 INFO  JwtUserDetailsService:21 - email ====== buihoang9b8@gmail.com
2022-03-29 15:32:35 INFO  QueryConstant:25 - query property ====>  call user_findByEmail(?)
2022-03-29 15:32:35 INFO  QueryConstant:47 - query property ====>  call productSize_findBySize(?)
2022-03-29 15:32:35 ERROR ProductSizeServiceImpl:130 - 
2022-03-29 15:32:50 INFO  JwtUserDetailsService:21 - email ====== buihoang9b8@gmail.com
2022-03-29 15:32:50 INFO  QueryConstant:25 - query property ====>  call user_findByEmail(?)
2022-03-29 15:32:50 INFO  QueryConstant:47 - query property ====>  call productSize_findBySize(?)
2022-03-29 15:32:50 INFO  QueryConstant:47 - query property ====>  call productSize_create(?, ?, ?)
2022-03-29 15:32:50 INFO  BaseDAOImpl:212 - insert =>>> [Small, 55-60, Male]
2022-03-29 15:32:50 ERROR BaseDAOImpl:240 - Incorrect integer value: 'Small' for column 'size' at row 1
2022-03-29 15:32:50 ERROR ProductSizeServiceImpl:130 - 
2022-03-29 15:33:19 INFO  JwtUserDetailsService:21 - email ====== buihoang9b8@gmail.com
2022-03-29 15:33:19 INFO  QueryConstant:25 - query property ====>  call user_findByEmail(?)
2022-03-29 15:33:19 INFO  QueryConstant:47 - query property ====>  call productSize_findBySize(?)
2022-03-29 15:33:19 INFO  QueryConstant:47 - query property ====>  call productSize_create(?, ?, ?)
2022-03-29 15:33:19 INFO  BaseDAOImpl:212 - insert =>>> [Medium, 60-65, Male]
2022-03-29 15:33:19 ERROR BaseDAOImpl:240 - Incorrect integer value: 'Medium' for column 'size' at row 1
2022-03-29 15:33:19 ERROR ProductSizeServiceImpl:130 - 
2022-03-29 15:34:05 INFO  JwtUserDetailsService:21 - email ====== buihoang9b8@gmail.com
2022-03-29 15:34:05 INFO  QueryConstant:25 - query property ====>  call user_findByEmail(?)
2022-03-29 15:34:05 INFO  QueryConstant:47 - query property ====>  call productSize_findBySize(?)
2022-03-29 15:34:05 INFO  QueryConstant:47 - query property ====>  call productSize_create(?, ?, ?)
2022-03-29 15:34:05 INFO  BaseDAOImpl:212 - insert =>>> [Extra Large, 70-76, Male]
2022-03-29 15:34:05 ERROR BaseDAOImpl:240 - Incorrect integer value: 'Extra Large' for column 'size' at row 1
2022-03-29 15:34:05 ERROR ProductSizeServiceImpl:130 - 
2022-03-29 15:34:35 INFO  JwtUserDetailsService:21 - email ====== buihoang9b8@gmail.com
2022-03-29 15:34:35 INFO  QueryConstant:25 - query property ====>  call user_findByEmail(?)
2022-03-29 15:34:35 INFO  QueryConstant:47 - query property ====>  call productSize_findBySize(?)
2022-03-29 15:34:35 INFO  QueryConstant:47 - query property ====>  call productSize_create(?, ?, ?)
2022-03-29 15:34:35 INFO  BaseDAOImpl:212 - insert =>>> [Extra Large, 70-76, Male]
2022-03-29 15:34:35 ERROR BaseDAOImpl:240 - Incorrect integer value: 'Extra Large' for column 'size' at row 1
2022-03-29 15:34:35 ERROR ProductSizeServiceImpl:130 - 
2022-03-29 15:37:26 INFO  JwtUserDetailsService:21 - email ====== buihoang9b8@gmail.com
2022-03-29 15:37:26 INFO  QueryConstant:25 - query property ====>  call user_findByEmail(?)
2022-03-29 15:37:26 INFO  QueryConstant:47 - query property ====>  call productSize_findBySize(?)
2022-03-29 15:37:26 INFO  QueryConstant:47 - query property ====>  call productSize_create(?, ?, ?)
2022-03-29 15:37:26 INFO  BaseDAOImpl:212 - insert =>>> [Extra Large, 70-76, Male]
2022-03-29 15:37:26 ERROR BaseDAOImpl:240 - Incorrect integer value: 'Extra Large' for column 'size' at row 1
2022-03-29 15:37:26 ERROR ProductSizeServiceImpl:130 - 
2022-03-29 15:38:15 INFO  JwtUserDetailsService:21 - email ====== buihoang9b8@gmail.com
2022-03-29 15:38:15 INFO  QueryConstant:25 - query property ====>  call user_findByEmail(?)
2022-03-29 15:38:15 INFO  QueryConstant:47 - query property ====>  call productSize_findBySize(?)
2022-03-29 15:38:15 INFO  QueryConstant:47 - query property ====>  call productSize_create(?, ?, ?)
2022-03-29 15:38:15 INFO  BaseDAOImpl:212 - insert =>>> [Extra Large, 70-76, Male]
2022-03-29 15:38:15 INFO  QueryConstant:47 - query property ====>  call productSize_findById(?)
2022-03-29 15:43:08 INFO  JwtUserDetailsService:21 - email ====== buihoang9b8@gmail.com
2022-03-29 15:43:08 INFO  QueryConstant:25 - query property ====>  call user_findByEmail(?)
2022-03-29 15:43:08 INFO  QueryConstant:47 - query property ====>  call productSize_findBySize(?)
2022-03-29 15:43:08 INFO  QueryConstant:47 - query property ====>  call productSize_create(?, ?, ?)
2022-03-29 15:43:08 INFO  BaseDAOImpl:212 - insert =>>> [Double Extra Large, 70-80, Male]
2022-03-29 15:43:08 INFO  QueryConstant:47 - query property ====>  call productSize_findById(?)
2022-03-29 15:43:34 INFO  JwtUserDetailsService:21 - email ====== buihoang9b8@gmail.com
2022-03-29 15:43:34 INFO  QueryConstant:25 - query property ====>  call user_findByEmail(?)
2022-03-29 15:43:34 INFO  QueryConstant:47 - query property ====>  call productSize_findBySize(?)
2022-03-29 15:43:34 INFO  QueryConstant:47 - query property ====>  call productSize_create(?, ?, ?)
2022-03-29 15:43:34 INFO  BaseDAOImpl:212 - insert =>>> [Double Extra Large, null, Famale]
2022-03-29 15:43:34 ERROR BaseDAOImpl:240 - Product Size 'Double Extra Large' already exists
2022-03-29 15:43:34 ERROR ProductSizeServiceImpl:130 - 
2022-03-29 15:52:04 INFO  JwtUserDetailsService:21 - email ====== buihoang9b8@gmail.com
2022-03-29 15:52:04 INFO  QueryConstant:25 - query property ====>  call user_findByEmail(?)
2022-03-29 15:52:05 INFO  QueryConstant:47 - query property ====>  call productSize_findBySize(?)
2022-03-29 15:52:05 INFO  QueryConstant:47 - query property ====>  call productSize_create(?, ?, ?)
2022-03-29 15:52:05 INFO  BaseDAOImpl:212 - insert =>>> [Large, null, Famale]
2022-03-29 15:52:05 ERROR BaseDAOImpl:240 - Column 'quantity' cannot be null
2022-03-29 15:52:05 ERROR ProductSizeServiceImpl:130 - 
2022-03-29 15:52:41 INFO  JwtUserDetailsService:21 - email ====== buihoang9b8@gmail.com
2022-03-29 15:52:41 INFO  QueryConstant:25 - query property ====>  call user_findByEmail(?)
2022-03-29 15:52:41 INFO  QueryConstant:47 - query property ====>  call productSize_findBySize(?)
2022-03-29 15:52:41 INFO  QueryConstant:47 - query property ====>  call productSize_create(?, ?, ?)
2022-03-29 15:52:41 INFO  BaseDAOImpl:212 - insert =>>> [Large, null, Famale]
2022-03-29 15:52:42 ERROR BaseDAOImpl:240 - Column 'quantity' cannot be null
2022-03-29 15:52:42 ERROR ProductSizeServiceImpl:130 - 
2022-03-29 15:52:42 INFO  JwtUserDetailsService:21 - email ====== buihoang9b8@gmail.com
2022-03-29 15:52:42 INFO  QueryConstant:25 - query property ====>  call user_findByEmail(?)
2022-03-29 15:52:42 INFO  QueryConstant:47 - query property ====>  call productSize_findBySize(?)
2022-03-29 15:52:42 INFO  QueryConstant:47 - query property ====>  call productSize_create(?, ?, ?)
2022-03-29 15:52:42 INFO  BaseDAOImpl:212 - insert =>>> [Large, null, Famale]
2022-03-29 15:52:42 ERROR BaseDAOImpl:240 - Column 'quantity' cannot be null
2022-03-29 15:52:42 ERROR ProductSizeServiceImpl:130 - 
2022-03-29 15:54:02 INFO  JwtUserDetailsService:21 - email ====== buihoang9b8@gmail.com
2022-03-29 15:54:02 INFO  QueryConstant:25 - query property ====>  call user_findByEmail(?)
2022-03-29 15:54:02 INFO  QueryConstant:47 - query property ====>  call productSize_findBySize(?)
2022-03-29 15:54:02 INFO  QueryConstant:47 - query property ====>  call productSize_create(?, ?, ?)
2022-03-29 15:54:02 INFO  BaseDAOImpl:212 - insert =>>> [Large, null, Famale]
2022-03-29 15:54:02 ERROR BaseDAOImpl:240 - Column 'quantity' cannot be null
2022-03-29 15:54:02 ERROR ProductSizeServiceImpl:130 - 
2022-03-29 15:56:00 INFO  JwtUserDetailsService:21 - email ====== buihoang9b8@gmail.com
2022-03-29 15:56:00 INFO  QueryConstant:25 - query property ====>  call user_findByEmail(?)
2022-03-29 15:56:00 INFO  QueryConstant:47 - query property ====>  call productSize_findBySize(?)
2022-03-29 15:56:00 INFO  QueryConstant:47 - query property ====>  call productSize_create(?, ?, ?)
2022-03-29 15:56:00 INFO  BaseDAOImpl:212 - insert =>>> [Large, null, Famale]
2022-03-29 15:56:00 ERROR BaseDAOImpl:240 - Column 'quantity' cannot be null
2022-03-29 15:56:00 ERROR ProductSizeServiceImpl:132 - 
2022-03-29 15:56:50 INFO  JwtUserDetailsService:21 - email ====== buihoang9b8@gmail.com
2022-03-29 15:56:50 INFO  QueryConstant:25 - query property ====>  call user_findByEmail(?)
2022-03-29 15:56:50 INFO  QueryConstant:47 - query property ====>  call productSize_findBySize(?)
2022-03-29 15:57:15 INFO  QueryConstant:47 - query property ====>  call productSize_create(?, ?, ?)
2022-03-29 15:57:15 INFO  BaseDAOImpl:212 - insert =>>> [Large, null, Famale]
2022-03-29 15:57:15 ERROR BaseDAOImpl:240 - Column 'quantity' cannot be null
2022-03-29 15:57:15 ERROR ProductSizeServiceImpl:132 - 
2022-03-29 15:58:18 INFO  JwtUserDetailsService:21 - email ====== buihoang9b8@gmail.com
2022-03-29 15:58:19 INFO  QueryConstant:25 - query property ====>  call user_findByEmail(?)
2022-03-29 15:58:19 INFO  QueryConstant:47 - query property ====>  call productSize_findBySize(?)
2022-03-29 15:58:22 INFO  QueryConstant:47 - query property ====>  call productSize_create(?, ?, ?)
2022-03-29 15:58:22 INFO  BaseDAOImpl:212 - insert =>>> [Large, null, Famale]
2022-03-29 15:58:22 ERROR BaseDAOImpl:240 - Column 'quantity' cannot be null
2022-03-29 15:58:22 ERROR ProductSizeServiceImpl:132 - 
2022-03-29 15:58:25 INFO  JwtUserDetailsService:21 - email ====== buihoang9b8@gmail.com
2022-03-29 15:58:25 INFO  QueryConstant:25 - query property ====>  call user_findByEmail(?)
2022-03-29 15:58:25 INFO  QueryConstant:47 - query property ====>  call productSize_findBySize(?)
2022-03-29 15:58:51 INFO  QueryConstant:47 - query property ====>  call productSize_create(?, ?, ?)
2022-03-29 15:58:51 INFO  BaseDAOImpl:212 - insert =>>> [Large, null, Famale]
2022-03-29 15:58:51 ERROR BaseDAOImpl:240 - Column 'quantity' cannot be null
2022-03-29 15:58:51 ERROR ProductSizeServiceImpl:132 - 
2022-03-29 16:01:25 INFO  JwtUserDetailsService:21 - email ====== buihoang9b8@gmail.com
2022-03-29 16:01:25 INFO  QueryConstant:25 - query property ====>  call user_findByEmail(?)
2022-03-29 16:01:25 INFO  QueryConstant:47 - query property ====>  call productSize_findBySize(?)
2022-03-29 16:01:35 INFO  QueryConstant:47 - query property ====>  call productSize_create(?, ?, ?)
2022-03-29 16:01:35 INFO  BaseDAOImpl:212 - insert =>>> [Large, 46-53, Female]
2022-03-29 16:01:37 INFO  QueryConstant:47 - query property ====>  call productSize_findById(?)
2022-03-29 16:02:11 INFO  JwtUserDetailsService:21 - email ====== buihoang9b8@gmail.com
2022-03-29 16:02:11 INFO  QueryConstant:25 - query property ====>  call user_findByEmail(?)
2022-03-29 16:02:11 INFO  QueryConstant:47 - query property ====>  call productSize_findBySize(?)
2022-03-29 16:02:22 INFO  QueryConstant:47 - query property ====>  call productSize_create(?, ?, ?)
2022-03-29 16:02:22 INFO  BaseDAOImpl:212 - insert =>>> [Large, 46-53, Famale]
2022-03-29 16:02:22 ERROR BaseDAOImpl:240 - Product Size 'Large' already exists
2022-03-29 16:02:23 ERROR ProductSizeServiceImpl:210 - 
2022-03-29 16:12:10 INFO  JwtUserDetailsService:21 - email ====== buihoang9b8@gmail.com
2022-03-29 16:12:11 INFO  QueryConstant:25 - query property ====>  call user_findByEmail(?)
2022-03-29 16:12:11 INFO  QueryConstant:47 - query property ====>  call productSize_findByProductSizeAndGender(?, ?)
2022-03-29 16:12:11 ERROR BaseDAOImpl:52 - PROCEDURE shop.productSize_findByProductSizeAndGender does not exist
2022-03-29 16:12:11 ERROR ProductSizeServiceImpl:210 - 
2022-03-29 16:12:34 INFO  JwtUserDetailsService:21 - email ====== buihoang9b8@gmail.com
2022-03-29 16:12:34 INFO  QueryConstant:25 - query property ====>  call user_findByEmail(?)
2022-03-29 16:12:34 INFO  QueryConstant:47 - query property ====>  call productSize_findByProductSizeAndGender(?, ?)
2022-03-29 16:12:34 ERROR BaseDAOImpl:52 - PROCEDURE shop.productSize_findByProductSizeAndGender does not exist
2022-03-29 16:12:34 ERROR ProductSizeServiceImpl:210 - 
2022-03-29 16:15:09 INFO  JwtUserDetailsService:21 - email ====== buihoang9b8@gmail.com
2022-03-29 16:15:09 INFO  QueryConstant:25 - query property ====>  call user_findByEmail(?)
2022-03-29 16:15:09 INFO  QueryConstant:47 - query property ====>  call productSize_findBySizeAndGender(?, ?)
2022-03-29 16:15:09 INFO  QueryConstant:47 - query property ====>  call productSize_create(?, ?, ?)
2022-03-29 16:15:09 INFO  BaseDAOImpl:212 - insert =>>> [Large, 46-53, Famale]
2022-03-29 16:15:09 INFO  QueryConstant:47 - query property ====>  call productSize_findById(?)
2022-03-29 16:15:14 INFO  JwtUserDetailsService:21 - email ====== buihoang9b8@gmail.com
2022-03-29 16:15:14 INFO  QueryConstant:25 - query property ====>  call user_findByEmail(?)
2022-03-29 16:15:14 INFO  QueryConstant:47 - query property ====>  call productSize_findBySizeAndGender(?, ?)
2022-03-29 16:15:14 INFO  QueryConstant:47 - query property ====>  call productSize_create(?, ?, ?)
2022-03-29 16:15:14 INFO  BaseDAOImpl:212 - insert =>>> [Large, 46-53, Famale]
2022-03-29 16:15:14 ERROR BaseDAOImpl:240 - Product Size 'Large' already exists
2022-03-29 16:15:14 ERROR ProductSizeServiceImpl:210 - 
2022-03-29 16:16:13 INFO  JwtUserDetailsService:21 - email ====== buihoang9b8@gmail.com
2022-03-29 16:16:13 INFO  QueryConstant:25 - query property ====>  call user_findByEmail(?)
2022-03-29 16:16:13 INFO  QueryConstant:47 - query property ====>  call productSize_findBySizeAndGender(?, ?)
2022-03-29 16:16:13 INFO  QueryConstant:47 - query property ====>  call productSize_create(?, ?, ?)
2022-03-29 16:16:13 INFO  BaseDAOImpl:212 - insert =>>> [Large, 46-53, Famale]
2022-03-29 16:16:13 ERROR BaseDAOImpl:240 - Product Size 'Large and Famale' already exists
2022-03-29 16:16:13 ERROR ProductSizeServiceImpl:210 - 
2022-03-29 16:28:39 INFO  JwtUserDetailsService:21 - email ====== buihoang9b8@gmail.com
2022-03-29 16:28:40 INFO  QueryConstant:25 - query property ====>  call user_findByEmail(?)
2022-03-29 16:28:40 INFO  QueryConstant:47 - query property ====>  call productSize_findBySizeAndGender(?, ?)
2022-03-29 16:28:40 INFO  QueryConstant:47 - query property ====>  call productSize_findBySizeAndGender(?, ?)
2022-03-29 16:28:40 INFO  QueryConstant:47 - query property ====>  call productSize_create(?, ?, ?)
2022-03-29 16:28:40 INFO  BaseDAOImpl:212 - insert =>>> [Large, 46-53, Famale]
2022-03-29 16:28:40 ERROR BaseDAOImpl:240 - Product Size 'Large and Famale' already exists
2022-03-29 16:28:40 ERROR ProductSizeServiceImpl:210 - 
2022-03-29 16:29:29 INFO  JwtUserDetailsService:21 - email ====== buihoang9b8@gmail.com
2022-03-29 16:29:29 INFO  QueryConstant:25 - query property ====>  call user_findByEmail(?)
2022-03-29 16:29:29 INFO  QueryConstant:47 - query property ====>  call productSize_findBySizeAndGender(?, ?)
2022-03-29 16:31:27 INFO  JwtUserDetailsService:21 - email ====== buihoang9b8@gmail.com
2022-03-29 16:31:27 INFO  QueryConstant:25 - query property ====>  call user_findByEmail(?)
2022-03-29 16:31:28 INFO  QueryConstant:47 - query property ====>  call productSize_findBySizeAndGender(?, ?)
2022-03-29 16:33:40 INFO  JwtUserDetailsService:21 - email ====== buihoang9b8@gmail.com
2022-03-29 16:33:40 INFO  QueryConstant:25 - query property ====>  call user_findByEmail(?)
2022-03-29 16:33:43 INFO  QueryConstant:47 - query property ====>  call productSize_findBySizeAndGender(?, ?)
2022-03-29 17:23:29 INFO  JwtUserDetailsService:21 - email ====== buihoang9b8@gmail.com
2022-03-29 17:23:29 INFO  QueryConstant:25 - query property ====>  call user_findByEmail(?)
2022-03-29 17:23:29 INFO  QueryConstant:47 - query property ====>  call productSize_findBySizeCodeAndGender(?, ?)
2022-03-29 17:24:45 INFO  JwtUserDetailsService:21 - email ====== buihoang9b8@gmail.com
2022-03-29 17:24:45 INFO  QueryConstant:25 - query property ====>  call user_findByEmail(?)
2022-03-29 17:24:48 INFO  QueryConstant:47 - query property ====>  call productSize_findBySizeCodeAndGender(?, ?)
2022-03-29 17:25:11 INFO  JwtUserDetailsService:21 - email ====== buihoang9b8@gmail.com
2022-03-29 17:25:11 INFO  QueryConstant:25 - query property ====>  call user_findByEmail(?)
2022-03-29 17:25:16 INFO  QueryConstant:47 - query property ====>  call productSize_findBySizeCodeAndGender(?, ?)
2022-03-29 17:37:25 INFO  JwtUserDetailsService:21 - email ====== buihoang9b8@gmail.com
2022-03-29 17:37:25 INFO  QueryConstant:25 - query property ====>  call user_findByEmail(?)
2022-03-29 17:37:28 INFO  QueryConstant:47 - query property ====>  call productSize_findBySizeCodeAndGender(?, ?)
2022-03-29 20:45:35 INFO  JwtUserDetailsService:21 - email ====== buihoang9b8@gmail.com
2022-03-29 20:45:35 INFO  QueryConstant:25 - query property ====>  call user_findByEmail(?)
2022-03-29 20:45:43 INFO  QueryConstant:47 - query property ====>  call productSize_findBySizeCodeAndGender(?, ?)
2022-03-29 21:02:40 INFO  JwtUserDetailsService:21 - email ====== buihoang9b8@gmail.com
2022-03-29 21:02:40 INFO  QueryConstant:25 - query property ====>  call user_findByEmail(?)
2022-03-29 21:03:30 INFO  QueryConstant:47 - query property ====>  call productSize_findBySizeCodeAndGender(?, ?)
2022-03-29 21:05:36 INFO  JwtUserDetailsService:21 - email ====== buihoang9b8@gmail.com
2022-03-29 21:05:37 INFO  QueryConstant:25 - query property ====>  call user_findByEmail(?)
2022-03-29 21:05:37 INFO  QueryConstant:47 - query property ====>  call productSize_findBySizeCodeAndGender(?, ?)
2022-03-29 21:05:44 INFO  JwtUserDetailsService:21 - email ====== buihoang9b8@gmail.com
2022-03-29 21:05:44 INFO  QueryConstant:25 - query property ====>  call user_findByEmail(?)
2022-03-29 21:05:44 INFO  QueryConstant:47 - query property ====>  call productSize_findBySizeCodeAndGender(?, ?)
2022-03-29 21:10:25 INFO  JwtUserDetailsService:21 - email ====== buihoang9b8@gmail.com
2022-03-29 21:10:25 INFO  QueryConstant:25 - query property ====>  call user_findByEmail(?)
2022-03-29 21:10:25 INFO  QueryConstant:47 - query property ====>  call productSize_findBySizeCodeAndGender(?, ?)
2022-03-29 21:17:34 INFO  JwtUserDetailsService:21 - email ====== buihoang9b8@gmail.com
2022-03-29 21:17:34 INFO  QueryConstant:25 - query property ====>  call user_findByEmail(?)
2022-03-29 21:17:34 INFO  QueryConstant:47 - query property ====>  call productSize_findBySizeCodeAndGender(?, ?)
2022-03-29 21:18:34 INFO  JwtUserDetailsService:21 - email ====== buihoang9b8@gmail.com
2022-03-29 21:18:34 INFO  QueryConstant:25 - query property ====>  call user_findByEmail(?)
2022-03-29 21:18:34 INFO  QueryConstant:47 - query property ====>  call productSize_findBySizeCodeAndGender(?, ?)
2022-03-29 21:48:52 INFO  JwtUserDetailsService:21 - email ====== buihoang9b8@gmail.com
2022-03-29 21:48:53 INFO  QueryConstant:25 - query property ====>  call user_findByEmail(?)
2022-03-29 21:48:53 INFO  QueryConstant:47 - query property ====>  call productSize_findBySizeCodeAndGender(?, ?)
2022-03-29 21:49:35 INFO  JwtUserDetailsService:21 - email ====== buihoang9b8@gmail.com
2022-03-29 21:49:35 INFO  QueryConstant:25 - query property ====>  call user_findByEmail(?)
2022-03-29 21:49:35 INFO  QueryConstant:47 - query property ====>  call productSize_findBySizeCodeAndGender(?, ?)
2022-03-29 21:50:47 INFO  JwtUserDetailsService:21 - email ====== buihoang9b8@gmail.com
2022-03-29 21:50:47 INFO  QueryConstant:25 - query property ====>  call user_findByEmail(?)
2022-03-29 21:50:58 INFO  QueryConstant:47 - query property ====>  call productSize_findBySizeCodeAndGender(?, ?)
2022-03-29 21:52:34 INFO  JwtUserDetailsService:21 - email ====== buihoang9b8@gmail.com
2022-03-29 21:52:34 INFO  QueryConstant:25 - query property ====>  call user_findByEmail(?)
2022-03-29 21:52:40 INFO  QueryConstant:47 - query property ====>  call productSize_findBySizeCodeAndGender(?, ?)
2022-03-29 21:53:38 INFO  JwtUserDetailsService:21 - email ====== buihoang9b8@gmail.com
2022-03-29 21:53:39 INFO  QueryConstant:25 - query property ====>  call user_findByEmail(?)
2022-03-29 21:53:39 INFO  QueryConstant:47 - query property ====>  call productSize_findBySizeCodeAndGender(?, ?)
2022-03-29 21:54:44 INFO  JwtUserDetailsService:21 - email ====== buihoang9b8@gmail.com
2022-03-29 21:54:45 INFO  QueryConstant:25 - query property ====>  call user_findByEmail(?)
2022-03-29 21:54:47 INFO  QueryConstant:47 - query property ====>  call productSize_findBySizeCodeAndGender(?, ?)
2022-03-29 21:55:37 INFO  JwtUserDetailsService:21 - email ====== buihoang9b8@gmail.com
2022-03-29 21:55:37 INFO  QueryConstant:25 - query property ====>  call user_findByEmail(?)
2022-03-29 21:55:45 INFO  QueryConstant:47 - query property ====>  call productSize_findBySizeCodeAndGender(?, ?)
2022-03-29 21:56:21 ERROR ProductSizeServiceImpl:213 - 
2022-03-29 21:58:04 INFO  JwtUserDetailsService:21 - email ====== buihoang9b8@gmail.com
2022-03-29 21:58:04 INFO  QueryConstant:25 - query property ====>  call user_findByEmail(?)
2022-03-29 21:58:09 INFO  QueryConstant:47 - query property ====>  call productSize_findBySizeCodeAndGender(?, ?)
2022-03-29 21:58:49 ERROR ProductSizeServiceImpl:213 - 
2022-03-29 22:00:27 INFO  JwtUserDetailsService:21 - email ====== buihoang9b8@gmail.com
2022-03-29 22:00:27 INFO  QueryConstant:25 - query property ====>  call user_findByEmail(?)
2022-03-29 22:00:32 INFO  QueryConstant:47 - query property ====>  call productSize_findBySizeCodeAndGender(?, ?)
2022-03-29 22:01:11 INFO  QueryConstant:47 - query property ====>  call productSize_create(?, ?, ?)
2022-03-29 22:01:11 INFO  BaseDAOImpl:212 - insert =>>> [Large, 46-53, Famale]
2022-03-29 22:01:11 ERROR BaseDAOImpl:240 - Incorrect number of arguments for PROCEDURE shop.productSize_create; expected 4, got 3
2022-03-29 22:01:20 ERROR ProductSizeServiceImpl:214 - 
2022-03-29 22:03:57 INFO  JwtUserDetailsService:21 - email ====== buihoang9b8@gmail.com
2022-03-29 22:03:57 INFO  QueryConstant:25 - query property ====>  call user_findByEmail(?)
2022-03-29 22:04:03 INFO  QueryConstant:47 - query property ====>  call productSize_findBySizeCodeAndGender(?, ?)
2022-03-29 22:04:21 INFO  QueryConstant:47 - query property ====>  call productSize_create(?, ?, ?)
2022-03-29 22:04:21 INFO  BaseDAOImpl:212 - insert =>>> [Large, 46-53, Famale]
2022-03-29 22:04:21 ERROR BaseDAOImpl:240 - Incorrect number of arguments for PROCEDURE shop.productSize_create; expected 4, got 3
2022-03-29 22:04:51 ERROR ProductSizeServiceImpl:214 - 
2022-03-29 22:05:27 INFO  JwtUserDetailsService:21 - email ====== buihoang9b8@gmail.com
2022-03-29 22:05:28 INFO  QueryConstant:25 - query property ====>  call user_findByEmail(?)
2022-03-29 22:05:32 INFO  QueryConstant:47 - query property ====>  call productSize_findBySizeCodeAndGender(?, ?)
2022-03-29 22:05:43 INFO  QueryConstant:47 - query property ====>  call productSize_create(?, ?, ?)
2022-03-29 22:05:43 INFO  BaseDAOImpl:212 - insert =>>> [Large, null, Famale]
2022-03-29 22:05:44 ERROR BaseDAOImpl:240 - Incorrect number of arguments for PROCEDURE shop.productSize_create; expected 4, got 3
2022-03-29 22:07:01 ERROR ProductSizeServiceImpl:214 - 
2022-03-29 22:07:49 INFO  JwtUserDetailsService:21 - email ====== buihoang9b8@gmail.com
2022-03-29 22:07:49 INFO  QueryConstant:25 - query property ====>  call user_findByEmail(?)
2022-03-29 22:07:54 INFO  QueryConstant:47 - query property ====>  call productSize_findBySizeCodeAndGender(?, ?)
2022-03-29 22:08:21 INFO  QueryConstant:47 - query property ====>  call productSize_create(?, ?, ?, ?)
2022-03-29 22:08:21 INFO  BaseDAOImpl:212 - insert =>>> [Large, L, null, Famale]
2022-03-29 22:08:21 ERROR BaseDAOImpl:240 - Column 'quantity' cannot be null
2022-03-29 22:08:24 ERROR ProductSizeServiceImpl:214 - 
2022-03-29 22:45:30 INFO  JwtUserDetailsService:21 - email ====== buihoang9b8@gmail.com
2022-03-29 22:45:30 INFO  QueryConstant:25 - query property ====>  call user_findByEmail(?)
2022-03-29 22:45:35 INFO  QueryConstant:47 - query property ====>  call productSize_findBySizeCodeAndGender(?, ?)
2022-03-29 22:49:28 INFO  QueryConstant:47 - query property ====>  call productSize_create(?, ?, ?, ?)
2022-03-29 22:49:28 INFO  BaseDAOImpl:212 - insert =>>> [Large, L, null, Famale]
2022-03-29 22:49:28 ERROR BaseDAOImpl:240 - Column 'quantity' cannot be null
2022-03-29 22:49:28 ERROR ProductSizeServiceImpl:214 - 
2022-03-29 22:53:14 INFO  JwtUserDetailsService:21 - email ====== buihoang9b8@gmail.com
2022-03-29 22:53:14 INFO  QueryConstant:25 - query property ====>  call user_findByEmail(?)
2022-03-29 22:53:19 INFO  QueryConstant:47 - query property ====>  call productSize_findBySizeCodeAndGender(?, ?)
2022-03-29 22:53:26 INFO  QueryConstant:47 - query property ====>  call productSize_create(?, ?, ?, ?)
2022-03-29 22:53:26 INFO  BaseDAOImpl:212 - insert =>>> [null, L, null, Famale]
2022-03-29 22:53:26 ERROR BaseDAOImpl:240 - Column 'size' cannot be null
2022-03-29 22:53:28 ERROR ProductSizeServiceImpl:112 - 
2022-03-29 22:57:21 INFO  JwtUserDetailsService:21 - email ====== buihoang9b8@gmail.com
2022-03-29 22:57:22 INFO  QueryConstant:25 - query property ====>  call user_findByEmail(?)
2022-03-29 22:57:26 INFO  QueryConstant:47 - query property ====>  call productSize_findBySizeCodeAndGender(?, ?)
2022-03-29 22:57:47 INFO  QueryConstant:47 - query property ====>  call productSize_create(?, ?, ?, ?)
2022-03-29 22:57:47 INFO  BaseDAOImpl:212 - insert =>>> [Triple Extra Large, L, 70-80, Famale]
2022-03-29 22:57:47 INFO  QueryConstant:47 - query property ====>  call productSize_findById(?)
2022-03-29 22:58:18 INFO  JwtUserDetailsService:21 - email ====== buihoang9b8@gmail.com
2022-03-29 22:58:18 INFO  QueryConstant:25 - query property ====>  call user_findByEmail(?)
2022-03-29 22:58:37 INFO  QueryConstant:47 - query property ====>  call productSize_findBySizeCodeAndGender(?, ?)
2022-03-29 22:58:37 ERROR ProductSizeServiceImpl:112 - exist
2022-03-29 23:00:23 INFO  JwtUserDetailsService:21 - email ====== buihoang9b8@gmail.com
2022-03-29 23:00:24 INFO  QueryConstant:25 - query property ====>  call user_findByEmail(?)
2022-03-29 23:00:26 INFO  QueryConstant:47 - query property ====>  call productSize_findBySizeCodeAndGender(?, ?)
2022-03-29 23:00:48 INFO  JwtUserDetailsService:21 - email ====== buihoang9b8@gmail.com
2022-03-29 23:00:48 INFO  QueryConstant:25 - query property ====>  call user_findByEmail(?)
2022-03-29 23:01:02 INFO  QueryConstant:47 - query property ====>  call productSize_findBySizeCodeAndGender(?, ?)
2022-03-30 00:01:55 INFO  JwtUserDetailsService:21 - email ====== buihoang9b8@gmail.com
2022-03-30 00:01:55 INFO  QueryConstant:25 - query property ====>  call user_findByEmail(?)
2022-03-30 00:01:58 INFO  QueryConstant:47 - query property ====>  call productSize_findBySizeCodeAndGender(?, ?)
2022-03-30 00:01:59 INFO  QueryConstant:47 - query property ====>  call productSize_findBySizeCodeAndGender(?, ?)
2022-03-30 00:02:00 ERROR ProductSizeServiceImpl:113 - exist
2022-03-30 00:02:32 INFO  JwtUserDetailsService:21 - email ====== buihoang9b8@gmail.com
2022-03-30 00:02:32 INFO  QueryConstant:25 - query property ====>  call user_findByEmail(?)
2022-03-30 00:02:35 INFO  QueryConstant:47 - query property ====>  call productSize_findBySizeCodeAndGender(?, ?)
2022-03-30 00:02:37 INFO  QueryConstant:47 - query property ====>  call productSize_findBySizeCodeAndGender(?, ?)
2022-03-30 00:02:37 ERROR ProductSizeServiceImpl:113 - exist
2022-03-30 00:02:48 INFO  JwtUserDetailsService:21 - email ====== buihoang9b8@gmail.com
2022-03-30 00:02:48 INFO  QueryConstant:25 - query property ====>  call user_findByEmail(?)
2022-03-30 00:02:50 INFO  QueryConstant:47 - query property ====>  call productSize_findBySizeCodeAndGender(?, ?)
2022-03-30 00:02:52 INFO  QueryConstant:47 - query property ====>  call productSize_findBySizeCodeAndGender(?, ?)
2022-03-30 14:39:03 ERROR ProductSizeServiceImpl:113 - exist
2022-03-30 22:45:54 INFO  JwtUserDetailsService:21 - email ====== buihoang9b8@gmail.com
2022-03-30 22:45:54 INFO  QueryConstant:25 - query property ====>  call user_findByEmail(?)
2022-03-30 22:45:54 INFO  QueryConstant:47 - query property ====>  call productSize_findBySizeCodeAndGender(?, ?)
2022-03-30 22:45:54 ERROR ProductSizeServiceImpl:113 - exist
2022-03-30 22:46:15 INFO  JwtUserDetailsService:21 - email ====== buihoang9b8@gmail.com
2022-03-30 22:46:15 INFO  QueryConstant:25 - query property ====>  call user_findByEmail(?)
2022-03-30 22:46:15 INFO  QueryConstant:47 - query property ====>  call productSize_findBySizeCodeAndGender(?, ?)
2022-03-30 22:46:15 INFO  QueryConstant:47 - query property ====>  call productSize_create(?, ?, ?, ?)
2022-03-30 22:46:15 INFO  BaseDAOImpl:212 - insert =>>> [Triple Extra Large, L, 70-80, ]
2022-03-30 22:46:15 INFO  QueryConstant:47 - query property ====>  call productSize_findById(?)
2022-03-30 22:48:20 INFO  JwtUserDetailsService:21 - email ====== buihoang9b8@gmail.com
2022-03-30 22:48:20 INFO  QueryConstant:25 - query property ====>  call user_findByEmail(?)
2022-03-30 22:48:20 INFO  QueryConstant:47 - query property ====>  call productSize_findBySizeCodeAndGender(?, ?)
2022-03-30 22:48:20 ERROR ProductSizeServiceImpl:111 - exist
2022-03-31 09:17:27 INFO  JwtUserDetailsService:21 - email ====== buihoang9b8@gmail.com
2022-03-31 09:17:28 INFO  QueryConstant:25 - query property ====>  call user_findByEmail(?)
2022-03-31 09:17:28 INFO  QueryConstant:47 - query property ====>  call productSize_findBySizeCodeAndGender(?, ?)
2022-03-31 09:17:28 ERROR ProductSizeServiceImpl:108 - exist
2022-03-31 09:17:38 INFO  JwtUserDetailsService:21 - email ====== buihoang9b8@gmail.com
2022-03-31 09:17:38 INFO  QueryConstant:25 - query property ====>  call user_findByEmail(?)
2022-03-31 09:17:38 INFO  QueryConstant:47 - query property ====>  call productSize_findBySizeCodeAndGender(?, ?)
2022-03-31 09:17:38 INFO  QueryConstant:47 - query property ====>  call productSize_create(?, ?, ?, ?)
2022-03-31 09:17:38 INFO  BaseDAOImpl:212 - insert =>>> [Large, L, 66-70, Male]
2022-03-31 09:17:38 INFO  QueryConstant:47 - query property ====>  call productSize_findById(?)
2022-03-31 09:20:13 INFO  JwtUserDetailsService:21 - email ====== buihoang9b8@gmail.com
2022-03-31 09:20:14 INFO  QueryConstant:25 - query property ====>  call user_findByEmail(?)
2022-03-31 09:20:14 INFO  QueryConstant:47 - query property ====>  call productSize_findBySizeCodeAndGender(?, ?)
2022-03-31 09:20:14 ERROR ProductSizeServiceImpl:110 - exist
2022-03-31 09:20:57 INFO  JwtUserDetailsService:21 - email ====== buihoang9b8@gmail.com
2022-03-31 09:20:57 INFO  QueryConstant:25 - query property ====>  call user_findByEmail(?)
2022-03-31 09:21:05 INFO  QueryConstant:47 - query property ====>  call productSize_findBySizeCodeAndGender(?, ?)
2022-03-31 09:21:29 ERROR ProductSizeServiceImpl:110 - exist
2022-03-31 09:22:04 INFO  JwtUserDetailsService:21 - email ====== buihoang9b8@gmail.com
2022-03-31 09:22:04 INFO  QueryConstant:25 - query property ====>  call user_findByEmail(?)
2022-03-31 09:22:09 INFO  QueryConstant:47 - query property ====>  call productSize_findBySizeCodeAndGender(?, ?)
2022-03-31 09:22:46 INFO  JwtUserDetailsService:21 - email ====== buihoang9b8@gmail.com
2022-03-31 09:22:46 INFO  QueryConstant:25 - query property ====>  call user_findByEmail(?)
2022-03-31 09:22:49 INFO  QueryConstant:47 - query property ====>  call productSize_findBySizeCodeAndGender(?, ?)
2022-03-31 09:22:53 INFO  QueryConstant:47 - query property ====>  call productSize_findBySizeCodeAndGender(?, ?)
2022-03-31 09:22:55 INFO  QueryConstant:47 - query property ====>  call productSize_create(?, ?, ?, ?)
2022-03-31 09:22:55 INFO  BaseDAOImpl:212 - insert =>>> [Extra Large, XL, 70-76, Male]
2022-03-31 09:22:56 INFO  QueryConstant:47 - query property ====>  call productSize_findById(?)
2022-03-31 09:25:05 INFO  JwtUserDetailsService:21 - email ====== buihoang9b8@gmail.com
2022-03-31 09:25:05 INFO  QueryConstant:25 - query property ====>  call user_findByEmail(?)
2022-03-31 09:25:08 INFO  QueryConstant:47 - query property ====>  call productSize_findBySizeCodeAndGender(?, ?)
2022-03-31 09:25:09 INFO  QueryConstant:47 - query property ====>  call productSize_findBySizeCodeAndGender(?, ?)
2022-03-31 09:25:10 INFO  QueryConstant:47 - query property ====>  call productSize_create(?, ?, ?, ?)
2022-03-31 09:25:10 INFO  BaseDAOImpl:212 - insert =>>> [Double Extra Large, XXL, 70-80, Male]
2022-03-31 09:25:10 INFO  QueryConstant:47 - query property ====>  call productSize_findById(?)
2022-03-31 09:32:23 INFO  JwtUserDetailsService:21 - email ====== buihoang9b8@gmail.com
2022-03-31 09:32:23 INFO  QueryConstant:25 - query property ====>  call user_findByEmail(?)
2022-03-31 09:32:23 INFO  QueryConstant:47 - query property ====>  call productSize_findBySizeCodeAndGender(?, ?)
2022-03-31 09:32:23 INFO  QueryConstant:47 - query property ====>  call productSize_findBySizeCodeAndGender(?, ?)
2022-03-31 09:32:23 INFO  QueryConstant:47 - query property ====>  call productSize_create(?, ?, ?, ?)
2022-03-31 09:32:23 INFO  BaseDAOImpl:212 - insert =>>> [null, SX, null, Male]
2022-03-31 09:32:23 ERROR BaseDAOImpl:240 - Column 'size' cannot be null
2022-03-31 09:32:23 ERROR ProductSizeServiceImpl:38 - 
2022-03-31 09:34:27 INFO  JwtUserDetailsService:21 - email ====== buihoang9b8@gmail.com
2022-03-31 09:34:27 INFO  QueryConstant:25 - query property ====>  call user_findByEmail(?)
2022-03-31 09:34:28 INFO  QueryConstant:47 - query property ====>  call productSize_findBySizeCodeAndGender(?, ?)
2022-03-31 09:34:28 INFO  QueryConstant:47 - query property ====>  call productSize_findBySizeCodeAndGender(?, ?)
2022-03-31 09:34:28 INFO  QueryConstant:47 - query property ====>  call productSize_create(?, ?, ?, ?)
2022-03-31 09:34:28 INFO  BaseDAOImpl:212 - insert =>>> [null, SX, null, Male]
2022-03-31 09:34:28 ERROR BaseDAOImpl:240 - Column 'size' cannot be null
2022-03-31 09:34:28 ERROR ProductSizeServiceImpl:38 - 
2022-03-31 09:35:54 INFO  JwtUserDetailsService:21 - email ====== buihoang9b8@gmail.com
2022-03-31 09:35:55 INFO  QueryConstant:25 - query property ====>  call user_findByEmail(?)
2022-03-31 09:35:58 INFO  QueryConstant:47 - query property ====>  call productSize_findBySizeCodeAndGender(?, ?)
2022-03-31 09:36:02 INFO  QueryConstant:47 - query property ====>  call productSize_findBySizeCodeAndGender(?, ?)
2022-03-31 09:36:27 INFO  QueryConstant:47 - query property ====>  call productSize_create(?, ?, ?, ?)
2022-03-31 09:36:27 INFO  BaseDAOImpl:212 - insert =>>> [null, SX, null, Male]
2022-03-31 09:36:28 ERROR BaseDAOImpl:240 - Column 'size' cannot be null
2022-03-31 09:36:30 ERROR ProductSizeServiceImpl:37 - 
2022-03-31 09:37:36 INFO  JwtUserDetailsService:21 - email ====== buihoang9b8@gmail.com
2022-03-31 09:37:36 INFO  QueryConstant:25 - query property ====>  call user_findByEmail(?)
2022-03-31 09:37:38 INFO  QueryConstant:47 - query property ====>  call productSize_findBySizeCodeAndGender(?, ?)
2022-03-31 09:37:40 INFO  QueryConstant:47 - query property ====>  call productSize_findBySizeCodeAndGender(?, ?)
2022-03-31 09:37:44 INFO  QueryConstant:47 - query property ====>  call productSize_create(?, ?, ?, ?)
2022-03-31 09:37:44 INFO  BaseDAOImpl:212 - insert =>>> [null, SX, null, Male]
2022-03-31 09:37:44 ERROR BaseDAOImpl:240 - Column 'size' cannot be null
2022-03-31 09:37:49 ERROR ProductSizeServiceImpl:37 - 
2022-03-31 09:40:49 INFO  JwtUserDetailsService:21 - email ====== buihoang9b8@gmail.com
2022-03-31 09:40:49 INFO  QueryConstant:25 - query property ====>  call user_findByEmail(?)
2022-03-31 09:40:52 INFO  QueryConstant:47 - query property ====>  call productSize_findBySizeCodeAndGender(?, ?)
2022-03-31 09:40:54 INFO  QueryConstant:47 - query property ====>  call productSize_findBySizeCodeAndGender(?, ?)
2022-03-31 09:41:04 INFO  QueryConstant:47 - query property ====>  call productSize_create(?, ?, ?, ?)
2022-03-31 09:41:04 INFO  BaseDAOImpl:212 - insert =>>> [null, SX, null, Male]
2022-03-31 09:41:04 ERROR BaseDAOImpl:240 - Column 'size' cannot be null
2022-03-31 09:41:25 ERROR ProductSizeServiceImpl:113 - 
2022-03-31 09:42:23 INFO  JwtUserDetailsService:21 - email ====== buihoang9b8@gmail.com
2022-03-31 09:42:23 INFO  QueryConstant:25 - query property ====>  call user_findByEmail(?)
2022-03-31 09:42:29 INFO  QueryConstant:47 - query property ====>  call productSize_findBySizeCodeAndGender(?, ?)
2022-03-31 09:42:50 INFO  QueryConstant:47 - query property ====>  call productSize_findBySizeCodeAndGender(?, ?)
2022-03-31 09:43:13 INFO  QueryConstant:47 - query property ====>  call productSize_create(?, ?, ?, ?)
2022-03-31 09:43:13 INFO  BaseDAOImpl:212 - insert =>>> [null, SX, null, Male]
2022-03-31 09:43:13 ERROR BaseDAOImpl:240 - Column 'size' cannot be null
2022-03-31 09:43:13 ERROR ProductSizeServiceImpl:113 - 
2022-03-31 09:43:15 INFO  JwtUserDetailsService:21 - email ====== buihoang9b8@gmail.com
2022-03-31 09:43:15 INFO  QueryConstant:25 - query property ====>  call user_findByEmail(?)
2022-03-31 09:43:18 INFO  QueryConstant:47 - query property ====>  call productSize_findBySizeCodeAndGender(?, ?)
2022-03-31 09:43:20 INFO  QueryConstant:47 - query property ====>  call productSize_findBySizeCodeAndGender(?, ?)
2022-03-31 09:43:48 INFO  QueryConstant:47 - query property ====>  call productSize_create(?, ?, ?, ?)
2022-03-31 09:43:48 INFO  BaseDAOImpl:212 - insert =>>> [Extra Small, XS, 40-55, Male]
2022-03-31 09:43:49 INFO  QueryConstant:47 - query property ====>  call productSize_findById(?)
2022-03-31 09:45:12 INFO  JwtUserDetailsService:21 - email ====== buihoang9b8@gmail.com
2022-03-31 09:45:12 INFO  QueryConstant:25 - query property ====>  call user_findByEmail(?)
2022-03-31 09:45:14 INFO  QueryConstant:47 - query property ====>  call productSize_findBySizeCodeAndGender(?, ?)
2022-03-31 09:45:16 INFO  QueryConstant:47 - query property ====>  call productSize_findBySizeCodeAndGender(?, ?)
2022-03-31 09:45:36 INFO  QueryConstant:47 - query property ====>  call productSize_create(?, ?, ?, ?)
2022-03-31 09:45:36 INFO  BaseDAOImpl:212 - insert =>>> [null, XS, null, FeMale]
2022-03-31 09:45:36 ERROR BaseDAOImpl:240 - Column 'size' cannot be null
2022-03-31 09:45:36 ERROR ProductSizeServiceImpl:113 - 
2022-03-31 09:45:59 INFO  JwtUserDetailsService:21 - email ====== buihoang9b8@gmail.com
2022-03-31 09:45:59 INFO  QueryConstant:25 - query property ====>  call user_findByEmail(?)
2022-03-31 09:46:01 INFO  QueryConstant:47 - query property ====>  call productSize_findBySizeCodeAndGender(?, ?)
2022-03-31 09:46:04 INFO  QueryConstant:47 - query property ====>  call productSize_findBySizeCodeAndGender(?, ?)
2022-03-31 09:46:12 INFO  QueryConstant:47 - query property ====>  call productSize_create(?, ?, ?, ?)
2022-03-31 09:46:12 INFO  BaseDAOImpl:212 - insert =>>> [Extra Small, XS, 30-38, Female]
2022-03-31 09:46:14 INFO  QueryConstant:47 - query property ====>  call productSize_findById(?)
2022-03-31 09:46:28 INFO  JwtUserDetailsService:21 - email ====== buihoang9b8@gmail.com
2022-03-31 09:46:28 INFO  QueryConstant:25 - query property ====>  call user_findByEmail(?)
2022-03-31 09:46:31 INFO  QueryConstant:47 - query property ====>  call productSize_findBySizeCodeAndGender(?, ?)
2022-03-31 09:46:34 INFO  QueryConstant:47 - query property ====>  call productSize_findBySizeCodeAndGender(?, ?)
2022-03-31 09:46:40 INFO  QueryConstant:47 - query property ====>  call productSize_create(?, ?, ?, ?)
2022-03-31 09:46:40 INFO  BaseDAOImpl:212 - insert =>>> [Extra Large, XL, 53-57, Female]
2022-03-31 09:46:41 INFO  QueryConstant:47 - query property ====>  call productSize_findById(?)
2022-03-31 09:51:08 INFO  JwtUserDetailsService:21 - email ====== buihoang9b8@gmail.com
2022-03-31 09:51:08 INFO  QueryConstant:25 - query property ====>  call user_findByEmail(?)
2022-03-31 09:51:14 INFO  JwtUserDetailsService:21 - email ====== buihoang9b8@gmail.com
2022-03-31 09:51:14 INFO  QueryConstant:25 - query property ====>  call user_findByEmail(?)
2022-03-31 09:51:15 INFO  JwtUserDetailsService:21 - email ====== buihoang9b8@gmail.com
2022-03-31 09:51:15 INFO  QueryConstant:25 - query property ====>  call user_findByEmail(?)
2022-03-31 09:51:41 INFO  JwtUserDetailsService:21 - email ====== buihoang9b8@gmail.com
2022-03-31 09:51:41 INFO  QueryConstant:25 - query property ====>  call user_findByEmail(?)
2022-03-31 09:51:42 INFO  JwtUserDetailsService:21 - email ====== buihoang9b8@gmail.com
2022-03-31 09:51:42 INFO  QueryConstant:25 - query property ====>  call user_findByEmail(?)
2022-03-31 09:52:08 INFO  JwtUserDetailsService:21 - email ====== buihoang9b8@gmail.com
2022-03-31 09:52:08 INFO  QueryConstant:25 - query property ====>  call user_findByEmail(?)
2022-03-31 09:52:08 INFO  QueryConstant:47 - query property ====>  call productSize_findBySizeCodeAndGender(?, ?)
2022-03-31 09:52:45 INFO  JwtUserDetailsService:21 - email ====== buihoang9b8@gmail.com
2022-03-31 09:52:45 INFO  QueryConstant:25 - query property ====>  call user_findByEmail(?)
2022-03-31 09:52:45 INFO  QueryConstant:47 - query property ====>  call productSize_update(?, ?, ?, ?, ?)
2022-03-31 09:52:45 INFO  BaseDAOImpl:142 - ===> updating ... [Extra Large, XL, 53-57, Female, 0]
2022-03-31 09:52:49 INFO  JwtUserDetailsService:21 - email ====== buihoang9b8@gmail.com
2022-03-31 09:52:49 INFO  QueryConstant:25 - query property ====>  call user_findByEmail(?)
2022-03-31 09:52:49 INFO  QueryConstant:47 - query property ====>  call productSize_update(?, ?, ?, ?, ?)
2022-03-31 09:52:49 INFO  BaseDAOImpl:142 - ===> updating ... [Extra Large, XL, 53-57, Female, 0]
2022-03-31 09:55:38 INFO  JwtUserDetailsService:21 - email ====== buihoang9b8@gmail.com
2022-03-31 09:55:38 INFO  QueryConstant:25 - query property ====>  call user_findByEmail(?)
2022-03-31 09:55:38 INFO  QueryConstant:47 - query property ====>  call productSize_update(?, ?, ?, ?, ?)
2022-03-31 09:55:38 INFO  BaseDAOImpl:142 - ===> updating ... [Extra Large, XL, 53-57, Female, 0]
2022-03-31 09:55:38 ERROR BaseDAOImpl:161 - Unknown column 'siz_code' in 'where clause'
2022-03-31 09:55:39 INFO  JwtUserDetailsService:21 - email ====== buihoang9b8@gmail.com
2022-03-31 09:55:39 INFO  QueryConstant:25 - query property ====>  call user_findByEmail(?)
2022-03-31 09:55:39 INFO  QueryConstant:47 - query property ====>  call productSize_update(?, ?, ?, ?, ?)
2022-03-31 09:55:39 INFO  BaseDAOImpl:142 - ===> updating ... [Extra Large, XL, 53-57, Female, 0]
2022-03-31 09:55:39 ERROR BaseDAOImpl:161 - Unknown column 'siz_code' in 'where clause'
2022-03-31 09:55:40 INFO  JwtUserDetailsService:21 - email ====== buihoang9b8@gmail.com
2022-03-31 09:55:40 INFO  QueryConstant:25 - query property ====>  call user_findByEmail(?)
2022-03-31 09:55:40 INFO  QueryConstant:47 - query property ====>  call productSize_update(?, ?, ?, ?, ?)
2022-03-31 09:55:40 INFO  BaseDAOImpl:142 - ===> updating ... [Extra Large, XL, 53-57, Female, 0]
2022-03-31 09:55:40 ERROR BaseDAOImpl:161 - Unknown column 'siz_code' in 'where clause'
2022-03-31 09:57:13 INFO  JwtUserDetailsService:21 - email ====== buihoang9b8@gmail.com
2022-03-31 09:57:13 INFO  QueryConstant:25 - query property ====>  call user_findByEmail(?)
2022-03-31 09:57:13 INFO  QueryConstant:47 - query property ====>  call productSize_update(?, ?, ?, ?, ?)
2022-03-31 09:57:13 INFO  BaseDAOImpl:142 - ===> updating ... [Extra Large, XL, 53-57, Female, 0]
2022-03-31 09:57:13 ERROR BaseDAOImpl:161 - Unknown column 'siz_code' in 'where clause'
2022-03-31 09:58:47 INFO  JwtUserDetailsService:21 - email ====== buihoang9b8@gmail.com
2022-03-31 09:58:48 INFO  QueryConstant:25 - query property ====>  call user_findByEmail(?)
2022-03-31 09:58:48 INFO  QueryConstant:47 - query property ====>  call productSize_findBySizeCodeAndGender(?, ?)
2022-03-31 09:58:48 INFO  QueryConstant:47 - query property ====>  call productSize_update(?, ?, ?, ?, ?)
2022-03-31 09:58:48 INFO  BaseDAOImpl:142 - ===> updating ... [Extra Large, XL, 53-57, Female, 0]
2022-03-31 09:58:48 ERROR BaseDAOImpl:161 - Unknown column 'siz_code' in 'where clause'
2022-03-31 09:59:53 INFO  JwtUserDetailsService:21 - email ====== buihoang9b8@gmail.com
2022-03-31 09:59:53 INFO  QueryConstant:25 - query property ====>  call user_findByEmail(?)
2022-03-31 09:59:53 INFO  QueryConstant:47 - query property ====>  call productSize_findBySizeCodeAndGender(?, ?)
2022-03-31 09:59:53 INFO  QueryConstant:47 - query property ====>  call productSize_update(?, ?, ?, ?, ?)
2022-03-31 09:59:53 INFO  BaseDAOImpl:142 - ===> updating ... [Extra Large, XL, 53-57, Female, 0]
2022-03-31 09:59:54 INFO  JwtUserDetailsService:21 - email ====== buihoang9b8@gmail.com
2022-03-31 09:59:54 INFO  QueryConstant:25 - query property ====>  call user_findByEmail(?)
2022-03-31 09:59:54 INFO  QueryConstant:47 - query property ====>  call productSize_findBySizeCodeAndGender(?, ?)
2022-03-31 09:59:54 INFO  QueryConstant:47 - query property ====>  call productSize_update(?, ?, ?, ?, ?)
2022-03-31 09:59:54 INFO  BaseDAOImpl:142 - ===> updating ... [Extra Large, XL, 53-57, Female, 0]
2022-03-31 09:59:55 INFO  JwtUserDetailsService:21 - email ====== buihoang9b8@gmail.com
2022-03-31 09:59:55 INFO  QueryConstant:25 - query property ====>  call user_findByEmail(?)
2022-03-31 09:59:55 INFO  QueryConstant:47 - query property ====>  call productSize_findBySizeCodeAndGender(?, ?)
2022-03-31 09:59:55 INFO  QueryConstant:47 - query property ====>  call productSize_update(?, ?, ?, ?, ?)
2022-03-31 09:59:55 INFO  BaseDAOImpl:142 - ===> updating ... [Extra Large, XL, 53-57, Female, 0]
2022-03-31 09:59:55 INFO  JwtUserDetailsService:21 - email ====== buihoang9b8@gmail.com
2022-03-31 09:59:55 INFO  QueryConstant:25 - query property ====>  call user_findByEmail(?)
2022-03-31 09:59:55 INFO  QueryConstant:47 - query property ====>  call productSize_findBySizeCodeAndGender(?, ?)
2022-03-31 09:59:55 INFO  QueryConstant:47 - query property ====>  call productSize_update(?, ?, ?, ?, ?)
2022-03-31 09:59:55 INFO  BaseDAOImpl:142 - ===> updating ... [Extra Large, XL, 53-57, Female, 0]
2022-03-31 09:59:56 INFO  JwtUserDetailsService:21 - email ====== buihoang9b8@gmail.com
2022-03-31 09:59:56 INFO  QueryConstant:25 - query property ====>  call user_findByEmail(?)
2022-03-31 09:59:56 INFO  QueryConstant:47 - query property ====>  call productSize_findBySizeCodeAndGender(?, ?)
2022-03-31 09:59:56 INFO  QueryConstant:47 - query property ====>  call productSize_update(?, ?, ?, ?, ?)
2022-03-31 09:59:56 INFO  BaseDAOImpl:142 - ===> updating ... [Extra Large, XL, 53-57, Female, 0]
2022-03-31 10:00:05 INFO  JwtUserDetailsService:21 - email ====== buihoang9b8@gmail.com
2022-03-31 10:00:05 INFO  QueryConstant:25 - query property ====>  call user_findByEmail(?)
2022-03-31 10:00:05 INFO  QueryConstant:47 - query property ====>  call productSize_findBySizeCodeAndGender(?, ?)
2022-03-31 10:00:05 INFO  QueryConstant:47 - query property ====>  call productSize_update(?, ?, ?, ?, ?)
2022-03-31 10:00:05 INFO  BaseDAOImpl:142 - ===> updating ... [Extra Large, XL, 53-57, Female, 0]
2022-03-31 10:00:27 INFO  JwtUserDetailsService:21 - email ====== buihoang9b8@gmail.com
2022-03-31 10:00:27 INFO  QueryConstant:25 - query property ====>  call user_findByEmail(?)
2022-03-31 10:00:27 INFO  QueryConstant:47 - query property ====>  call productSize_findBySizeCodeAndGender(?, ?)
2022-03-31 10:00:27 INFO  QueryConstant:47 - query property ====>  call productSize_update(?, ?, ?, ?, ?)
2022-03-31 10:00:27 INFO  BaseDAOImpl:142 - ===> updating ... [Extra Large, XL, 53-57, Female, 0]
2022-03-31 10:03:58 INFO  JwtUserDetailsService:21 - email ====== buihoang9b8@gmail.com
2022-03-31 10:03:58 INFO  QueryConstant:25 - query property ====>  call user_findByEmail(?)
2022-03-31 10:03:58 INFO  QueryConstant:47 - query property ====>  call productSize_findBySizeCodeAndGender(?, ?)
2022-03-31 10:03:58 INFO  QueryConstant:47 - query property ====>  call productSize_update(?, ?, ?, ?, ?, ?)
2022-03-31 10:03:58 INFO  BaseDAOImpl:142 - ===> updating ... [0, Extra Large, XL, 53-5, Female, 0]
2022-03-31 10:03:58 INFO  QueryConstant:47 - query property ====>  call productSize_findById(?)
2022-03-31 10:04:10 INFO  JwtUserDetailsService:21 - email ====== buihoang9b8@gmail.com
2022-03-31 10:04:10 INFO  QueryConstant:25 - query property ====>  call user_findByEmail(?)
2022-03-31 10:04:10 INFO  QueryConstant:47 - query property ====>  call productSize_findBySizeCodeAndGender(?, ?)
2022-03-31 10:04:10 INFO  QueryConstant:47 - query property ====>  call productSize_update(?, ?, ?, ?, ?, ?)
2022-03-31 10:04:10 INFO  BaseDAOImpl:142 - ===> updating ... [14, Extra Large, XL, 53-5, Female, 0]
2022-03-31 10:04:10 INFO  QueryConstant:47 - query property ====>  call productSize_findById(?)
2022-03-31 10:05:29 INFO  JwtUserDetailsService:21 - email ====== buihoang9b8@gmail.com
2022-03-31 10:05:29 INFO  QueryConstant:25 - query property ====>  call user_findByEmail(?)
2022-03-31 10:05:34 INFO  QueryConstant:47 - query property ====>  call productSize_findById(?)
2022-03-31 10:06:39 INFO  QueryConstant:47 - query property ====>  call productSize_update(?, ?, ?, ?, ?, ?)
2022-03-31 10:06:39 INFO  BaseDAOImpl:142 - ===> updating ... [14, Extra Large, XL, 53-5, Female, 0]
2022-03-31 10:06:39 INFO  QueryConstant:47 - query property ====>  call productSize_findById(?)
2022-03-31 10:07:31 INFO  JwtUserDetailsService:21 - email ====== buihoang9b8@gmail.com
2022-03-31 10:07:31 INFO  QueryConstant:25 - query property ====>  call user_findByEmail(?)
2022-03-31 10:07:36 INFO  QueryConstant:47 - query property ====>  call productSize_findById(?)
2022-03-31 10:07:46 INFO  QueryConstant:47 - query property ====>  call productSize_update(?, ?, ?, ?, ?, ?)
2022-03-31 10:07:46 INFO  BaseDAOImpl:142 - ===> updating ... [14, Extra Large, XL, 53-5, Female, 1]
2022-03-31 10:07:50 INFO  QueryConstant:47 - query property ====>  call productSize_findById(?)
2022-03-31 10:08:05 INFO  JwtUserDetailsService:21 - email ====== buihoang9b8@gmail.com
2022-03-31 10:08:05 INFO  QueryConstant:25 - query property ====>  call user_findByEmail(?)
2022-03-31 10:08:08 INFO  QueryConstant:47 - query property ====>  call productSize_findById(?)
2022-03-31 10:08:08 INFO  QueryConstant:47 - query property ====>  call productSize_update(?, ?, ?, ?, ?, ?)
2022-03-31 10:08:08 INFO  BaseDAOImpl:142 - ===> updating ... [1, Extra Large, XL, 53-58, Female, 1]
2022-03-31 10:08:08 INFO  QueryConstant:47 - query property ====>  call productSize_findById(?)
2022-03-31 10:27:03 INFO  JwtUserDetailsService:21 - email ====== buihoang9b8@gmail.com
2022-03-31 10:27:03 INFO  QueryConstant:25 - query property ====>  call user_findByEmail(?)
2022-03-31 10:27:05 INFO  QueryConstant:47 - query property ====>  call productSize_findById(?)
2022-03-31 10:27:06 INFO  QueryConstant:47 - query property ====>  call productSize_update(?, ?, ?, ?, ?, ?)
2022-03-31 10:27:06 INFO  BaseDAOImpl:142 - ===> updating ... [1, Extra Large, XL, 53-57, Female, 1]
2022-03-31 10:27:06 INFO  QueryConstant:47 - query property ====>  call productSize_findById(?)
2022-03-31 10:30:00 INFO  JwtUserDetailsService:21 - email ====== buihoang9b8@gmail.com
2022-03-31 10:30:00 INFO  QueryConstant:25 - query property ====>  call user_findByEmail(?)
2022-03-31 10:30:02 INFO  QueryConstant:47 - query property ====>  call productSize_findById(?)
2022-03-31 10:30:02 INFO  QueryConstant:47 - query property ====>  call productSize_update(?, ?, ?, ?, ?, ?)
2022-03-31 10:30:02 INFO  BaseDAOImpl:142 - ===> updating ... [10, Extra Large, XL, 53-57, Female, 1]
2022-03-31 10:30:03 INFO  QueryConstant:47 - query property ====>  call productSize_findById(?)
